2022-08-17 17:36:25,996 : INFO : Note: NumExpr detected 12 cores but "NUMEXPR_MAX_THREADS" not set, so enforcing safe limit of 8.
2022-08-17 17:36:25,997 : INFO : NumExpr defaulting to 8 threads.
2022-08-17 17:38:44,498 : INFO : Note: NumExpr detected 12 cores but "NUMEXPR_MAX_THREADS" not set, so enforcing safe limit of 8.
2022-08-17 17:38:44,499 : INFO : NumExpr defaulting to 8 threads.
2022-08-17 17:41:34,037 : INFO : Note: NumExpr detected 12 cores but "NUMEXPR_MAX_THREADS" not set, so enforcing safe limit of 8.
2022-08-17 17:41:34,038 : INFO : NumExpr defaulting to 8 threads.
2022-08-17 17:42:22,268 : INFO : Note: NumExpr detected 12 cores but "NUMEXPR_MAX_THREADS" not set, so enforcing safe limit of 8.
2022-08-17 17:42:22,269 : INFO : NumExpr defaulting to 8 threads.
2022-08-17 17:42:55,387 : INFO : Note: NumExpr detected 12 cores but "NUMEXPR_MAX_THREADS" not set, so enforcing safe limit of 8.
2022-08-17 17:42:55,388 : INFO : NumExpr defaulting to 8 threads.
2022-08-17 17:42:55,719 : INFO : Telnet Password: 7d341875898a45da
2022-08-17 17:42:56,197 : WARNING : [UnsupportedBrowserType] Family: Android
2022-08-17 17:42:56,239 : WARNING : [UnsupportedDeviceType] Family: Other, Brand: None, Model: None
2022-08-17 17:42:56,274 : WARNING : [UnsupportedDeviceType] Family: Other, Brand: None, Model: None
2022-08-17 17:42:56,332 : WARNING : [UnsupportedDeviceType] Family: Other, Brand: None, Model: None
2022-08-17 17:42:56,410 : WARNING : [UnsupportedDeviceType] Family: Sony BDV13, Brand: Sony, Model: BDV13
2022-08-17 17:42:56,414 : WARNING : [UnsupportedDeviceType] Family: Nintendo DSi, Brand: Nintendo, Model: DSi
2022-08-17 17:42:56,423 : WARNING : [UnsupportedDeviceType] Family: Other, Brand: None, Model: None
2022-08-17 17:42:56,447 : WARNING : [UnsupportedBrowserType] Family: Other
2022-08-17 17:42:56,461 : WARNING : [UnsupportedDeviceType] Family: LYF F90M, Brand: LYF, Model: F90M
2022-08-17 17:42:56,477 : WARNING : [UnsupportedDeviceType] Family: Sony BDV14, Brand: Sony, Model: BDV14
2022-08-17 17:42:56,545 : WARNING : [UnsupportedDeviceType] Family: LG Web0S SmartTV, Brand: LG, Model: Web0S SmartTV
2022-08-17 17:42:56,576 : WARNING : [UnsupportedDeviceType] Family: Other, Brand: None, Model: None
2022-08-17 17:42:56,646 : WARNING : [UnsupportedDeviceType] Family: Other, Brand: None, Model: None
2022-08-17 17:42:56,656 : WARNING : [UnsupportedDeviceType] Family: Other, Brand: None, Model: None
2022-08-17 17:42:56,659 : WARNING : [UnsupportedDeviceType] Family: Other, Brand: None, Model: None
2022-08-17 17:42:56,710 : WARNING : [UnsupportedDeviceType] Family: Other, Brand: None, Model: None
2022-08-17 17:42:56,714 : WARNING : [UnsupportedDeviceType] Family: Other, Brand: None, Model: None
2022-08-17 17:42:56,753 : WARNING : [UnsupportedDeviceType] Family: Other, Brand: None, Model: None
2022-08-17 17:42:56,758 : WARNING : [UnsupportedDeviceType] Family: Sony BDV11, Brand: Sony, Model: BDV11
2022-08-17 17:42:56,764 : WARNING : [UnsupportedDeviceType] Family: Other, Brand: None, Model: None
2022-08-17 17:42:56,771 : WARNING : [UnsupportedDeviceType] Family: Other, Brand: None, Model: None
2022-08-17 17:42:56,778 : WARNING : [UnsupportedDeviceType] Family: Other, Brand: None, Model: None
2022-08-17 17:42:56,791 : WARNING : [UnsupportedDeviceType] Family: Other, Brand: None, Model: None
2022-08-17 17:42:56,811 : WARNING : [UnsupportedDeviceType] Family: Nintendo DSi, Brand: Nintendo, Model: DSi
2022-08-17 17:42:56,859 : WARNING : [UnsupportedDeviceType] Family: LYF LF-2403N, Brand: LYF, Model: LF-2403N
2022-08-17 17:42:56,865 : WARNING : [UnsupportedDeviceType] Family: LYF F90M, Brand: LYF, Model: F90M
2022-08-17 17:42:56,950 : WARNING : [UnsupportedDeviceType] Family: Other, Brand: None, Model: None
2022-08-17 17:42:56,958 : WARNING : [UnsupportedDeviceType] Family: Other, Brand: None, Model: None
2022-08-17 17:42:57,037 : WARNING : [UnsupportedBrowserType] Family: Applebot
2022-08-17 17:42:57,051 : WARNING : [UnsupportedDeviceType] Family: Other, Brand: None, Model: None
2022-08-17 17:42:57,113 : WARNING : [UnsupportedBrowserType] Family: Applebot
2022-08-17 17:42:57,154 : WARNING : [UnsupportedBrowserType] Family: Other
2022-08-17 17:42:57,231 : WARNING : [UnsupportedBrowserType] Family: Other
2022-08-17 17:42:57,259 : WARNING : [UnsupportedBrowserType] Family: PhantomJS
2022-08-17 17:42:57,262 : WARNING : [UnsupportedBrowserType] Family: SMTBot
2022-08-17 17:42:57,314 : WARNING : [UnsupportedBrowserType] Family: PhantomJS
2022-08-17 17:42:57,320 : WARNING : [UnsupportedBrowserType] Family: PhantomJS
2022-08-17 17:42:57,347 : WARNING : [UnsupportedBrowserType] Family: WebKit Nightly
2022-08-17 17:42:57,395 : WARNING : [UnsupportedBrowserType] Family: PhantomJS
2022-08-17 17:42:57,400 : WARNING : [UnsupportedDeviceType] Family: Other, Brand: None, Model: None
2022-08-17 17:42:57,492 : WARNING : [UnsupportedBrowserType] Family: PhantomJS
2022-08-17 17:42:57,495 : WARNING : [UnsupportedBrowserType] Family: PhantomJS
2022-08-17 17:42:57,497 : WARNING : [UnsupportedBrowserType] Family: Robot
2022-08-17 17:42:57,506 : WARNING : [UnsupportedDeviceType] Family: Other, Brand: None, Model: None
2022-08-17 17:42:57,574 : WARNING : [UnsupportedBrowserType] Family: Zune
2022-08-17 17:42:57,930 : INFO : Crawled 0 pages (at 0 pages/min), scraped 0 items (at 0 items/min)
2022-08-17 17:42:57,933 : INFO : Telnet console listening on 127.0.0.1:6023
2022-08-17 17:43:23,493 : INFO : Dumping Scrapy stats:
{'downloader/request_bytes': 4783,
 'downloader/request_count': 5,
 'downloader/request_method_count/GET': 5,
 'downloader/response_bytes': 129375,
 'downloader/response_count': 5,
 'downloader/response_status_count/200': 5,
 'elapsed_time_seconds': 25.563981,
 'finish_reason': 'shutdown',
 'finish_time': datetime.datetime(2022, 8, 17, 9, 43, 23, 493986),
 'httpcompression/response_bytes': 695747,
 'httpcompression/response_count': 5,
 'log_count/DEBUG': 13,
 'log_count/INFO': 3,
 'log_count/WARNING': 45,
 'request_depth_max': 5,
 'response_received_count': 5,
 'scheduler/dequeued': 5,
 'scheduler/dequeued/memory': 5,
 'scheduler/enqueued': 6,
 'scheduler/enqueued/memory': 6,
 'start_time': datetime.datetime(2022, 8, 17, 9, 42, 57, 930005)}
2022-08-17 17:43:26,671 : INFO : Note: NumExpr detected 12 cores but "NUMEXPR_MAX_THREADS" not set, so enforcing safe limit of 8.
2022-08-17 17:43:26,672 : INFO : NumExpr defaulting to 8 threads.
2022-08-17 17:43:26,938 : INFO : Telnet Password: 859aaaf702304640
2022-08-17 17:43:27,303 : WARNING : [UnsupportedBrowserType] Family: Android
2022-08-17 17:43:27,345 : WARNING : [UnsupportedDeviceType] Family: Other, Brand: None, Model: None
2022-08-17 17:43:27,379 : WARNING : [UnsupportedDeviceType] Family: Other, Brand: None, Model: None
2022-08-17 17:43:27,436 : WARNING : [UnsupportedDeviceType] Family: Other, Brand: None, Model: None
2022-08-17 17:43:27,517 : WARNING : [UnsupportedDeviceType] Family: Sony BDV13, Brand: Sony, Model: BDV13
2022-08-17 17:43:27,520 : WARNING : [UnsupportedDeviceType] Family: Nintendo DSi, Brand: Nintendo, Model: DSi
2022-08-17 17:43:27,531 : WARNING : [UnsupportedDeviceType] Family: Other, Brand: None, Model: None
2022-08-17 17:43:27,555 : WARNING : [UnsupportedBrowserType] Family: Other
2022-08-17 17:43:27,571 : WARNING : [UnsupportedDeviceType] Family: LYF F90M, Brand: LYF, Model: F90M
2022-08-17 17:43:27,588 : WARNING : [UnsupportedDeviceType] Family: Sony BDV14, Brand: Sony, Model: BDV14
2022-08-17 17:43:27,657 : WARNING : [UnsupportedDeviceType] Family: LG Web0S SmartTV, Brand: LG, Model: Web0S SmartTV
2022-08-17 17:43:27,688 : WARNING : [UnsupportedDeviceType] Family: Other, Brand: None, Model: None
2022-08-17 17:43:27,760 : WARNING : [UnsupportedDeviceType] Family: Other, Brand: None, Model: None
2022-08-17 17:43:27,770 : WARNING : [UnsupportedDeviceType] Family: Other, Brand: None, Model: None
2022-08-17 17:43:27,773 : WARNING : [UnsupportedDeviceType] Family: Other, Brand: None, Model: None
2022-08-17 17:43:27,824 : WARNING : [UnsupportedDeviceType] Family: Other, Brand: None, Model: None
2022-08-17 17:43:27,829 : WARNING : [UnsupportedDeviceType] Family: Other, Brand: None, Model: None
2022-08-17 17:43:27,870 : WARNING : [UnsupportedDeviceType] Family: Other, Brand: None, Model: None
2022-08-17 17:43:27,875 : WARNING : [UnsupportedDeviceType] Family: Sony BDV11, Brand: Sony, Model: BDV11
2022-08-17 17:43:27,881 : WARNING : [UnsupportedDeviceType] Family: Other, Brand: None, Model: None
2022-08-17 17:43:27,890 : WARNING : [UnsupportedDeviceType] Family: Other, Brand: None, Model: None
2022-08-17 17:43:27,896 : WARNING : [UnsupportedDeviceType] Family: Other, Brand: None, Model: None
2022-08-17 17:43:27,912 : WARNING : [UnsupportedDeviceType] Family: Other, Brand: None, Model: None
2022-08-17 17:43:27,933 : WARNING : [UnsupportedDeviceType] Family: Nintendo DSi, Brand: Nintendo, Model: DSi
2022-08-17 17:43:27,982 : WARNING : [UnsupportedDeviceType] Family: LYF LF-2403N, Brand: LYF, Model: LF-2403N
2022-08-17 17:43:27,988 : WARNING : [UnsupportedDeviceType] Family: LYF F90M, Brand: LYF, Model: F90M
2022-08-17 17:43:28,076 : WARNING : [UnsupportedDeviceType] Family: Other, Brand: None, Model: None
2022-08-17 17:43:28,084 : WARNING : [UnsupportedDeviceType] Family: Other, Brand: None, Model: None
2022-08-17 17:43:28,163 : WARNING : [UnsupportedBrowserType] Family: Applebot
2022-08-17 17:43:28,178 : WARNING : [UnsupportedDeviceType] Family: Other, Brand: None, Model: None
2022-08-17 17:43:28,251 : WARNING : [UnsupportedBrowserType] Family: Applebot
2022-08-17 17:43:28,292 : WARNING : [UnsupportedBrowserType] Family: Other
2022-08-17 17:43:28,370 : WARNING : [UnsupportedBrowserType] Family: Other
2022-08-17 17:43:28,400 : WARNING : [UnsupportedBrowserType] Family: PhantomJS
2022-08-17 17:43:28,404 : WARNING : [UnsupportedBrowserType] Family: SMTBot
2022-08-17 17:43:28,458 : WARNING : [UnsupportedBrowserType] Family: PhantomJS
2022-08-17 17:43:28,464 : WARNING : [UnsupportedBrowserType] Family: PhantomJS
2022-08-17 17:43:28,492 : WARNING : [UnsupportedBrowserType] Family: WebKit Nightly
2022-08-17 17:43:28,542 : WARNING : [UnsupportedBrowserType] Family: PhantomJS
2022-08-17 17:43:28,547 : WARNING : [UnsupportedDeviceType] Family: Other, Brand: None, Model: None
2022-08-17 17:43:28,644 : WARNING : [UnsupportedBrowserType] Family: PhantomJS
2022-08-17 17:43:28,648 : WARNING : [UnsupportedBrowserType] Family: PhantomJS
2022-08-17 17:43:28,650 : WARNING : [UnsupportedBrowserType] Family: Robot
2022-08-17 17:43:28,660 : WARNING : [UnsupportedDeviceType] Family: Other, Brand: None, Model: None
2022-08-17 17:43:28,736 : WARNING : [UnsupportedBrowserType] Family: Zune
2022-08-17 17:43:28,979 : INFO : Crawled 0 pages (at 0 pages/min), scraped 0 items (at 0 items/min)
2022-08-17 17:43:28,981 : INFO : Telnet console listening on 127.0.0.1:6023
2022-08-17 17:43:40,075 : INFO : Dumping Scrapy stats:
{'downloader/request_bytes': 1587,
 'downloader/request_count': 2,
 'downloader/request_method_count/GET': 2,
 'downloader/response_bytes': 52079,
 'downloader/response_count': 2,
 'downloader/response_status_count/200': 2,
 'elapsed_time_seconds': 11.097471,
 'finish_reason': 'shutdown',
 'finish_time': datetime.datetime(2022, 8, 17, 9, 43, 40, 75687),
 'httpcompression/response_bytes': 278553,
 'httpcompression/response_count': 2,
 'log_count/DEBUG': 10,
 'log_count/INFO': 3,
 'log_count/WARNING': 45,
 'request_depth_max': 2,
 'response_received_count': 2,
 'scheduler/dequeued': 2,
 'scheduler/dequeued/memory': 2,
 'scheduler/enqueued': 3,
 'scheduler/enqueued/memory': 3,
 'start_time': datetime.datetime(2022, 8, 17, 9, 43, 28, 978216)}
2022-08-17 22:52:25,645 : INFO : Note: NumExpr detected 12 cores but "NUMEXPR_MAX_THREADS" not set, so enforcing safe limit of 8.
2022-08-17 22:52:25,646 : INFO : NumExpr defaulting to 8 threads.
2022-08-17 22:52:26,479 : INFO : Telnet Password: 3dce05d0797d121e
2022-08-17 22:52:26,988 : WARNING : [UnsupportedBrowserType] Family: Android
2022-08-17 22:52:27,037 : WARNING : [UnsupportedDeviceType] Family: Other, Brand: None, Model: None
2022-08-17 22:52:27,077 : WARNING : [UnsupportedDeviceType] Family: Other, Brand: None, Model: None
2022-08-17 22:52:27,144 : WARNING : [UnsupportedDeviceType] Family: Other, Brand: None, Model: None
2022-08-17 22:52:27,230 : WARNING : [UnsupportedDeviceType] Family: Sony BDV13, Brand: Sony, Model: BDV13
2022-08-17 22:52:27,235 : WARNING : [UnsupportedDeviceType] Family: Nintendo DSi, Brand: Nintendo, Model: DSi
2022-08-17 22:52:27,249 : WARNING : [UnsupportedDeviceType] Family: Other, Brand: None, Model: None
2022-08-17 22:52:27,275 : WARNING : [UnsupportedBrowserType] Family: Other
2022-08-17 22:52:27,292 : WARNING : [UnsupportedDeviceType] Family: LYF F90M, Brand: LYF, Model: F90M
2022-08-17 22:52:27,310 : WARNING : [UnsupportedDeviceType] Family: Sony BDV14, Brand: Sony, Model: BDV14
2022-08-17 22:52:27,387 : WARNING : [UnsupportedDeviceType] Family: LG Web0S SmartTV, Brand: LG, Model: Web0S SmartTV
2022-08-17 22:52:27,420 : WARNING : [UnsupportedDeviceType] Family: Other, Brand: None, Model: None
2022-08-17 22:52:27,504 : WARNING : [UnsupportedDeviceType] Family: Other, Brand: None, Model: None
2022-08-17 22:52:27,514 : WARNING : [UnsupportedDeviceType] Family: Other, Brand: None, Model: None
2022-08-17 22:52:27,517 : WARNING : [UnsupportedDeviceType] Family: Other, Brand: None, Model: None
2022-08-17 22:52:27,575 : WARNING : [UnsupportedDeviceType] Family: Other, Brand: None, Model: None
2022-08-17 22:52:27,580 : WARNING : [UnsupportedDeviceType] Family: Other, Brand: None, Model: None
2022-08-17 22:52:27,626 : WARNING : [UnsupportedDeviceType] Family: Other, Brand: None, Model: None
2022-08-17 22:52:27,631 : WARNING : [UnsupportedDeviceType] Family: Sony BDV11, Brand: Sony, Model: BDV11
2022-08-17 22:52:27,638 : WARNING : [UnsupportedDeviceType] Family: Other, Brand: None, Model: None
2022-08-17 22:52:27,646 : WARNING : [UnsupportedDeviceType] Family: Other, Brand: None, Model: None
2022-08-17 22:52:27,654 : WARNING : [UnsupportedDeviceType] Family: Other, Brand: None, Model: None
2022-08-17 22:52:27,669 : WARNING : [UnsupportedDeviceType] Family: Other, Brand: None, Model: None
2022-08-17 22:52:27,693 : WARNING : [UnsupportedDeviceType] Family: Nintendo DSi, Brand: Nintendo, Model: DSi
2022-08-17 22:52:27,749 : WARNING : [UnsupportedDeviceType] Family: LYF LF-2403N, Brand: LYF, Model: LF-2403N
2022-08-17 22:52:27,755 : WARNING : [UnsupportedDeviceType] Family: LYF F90M, Brand: LYF, Model: F90M
2022-08-17 22:52:27,853 : WARNING : [UnsupportedDeviceType] Family: Other, Brand: None, Model: None
2022-08-17 22:52:27,862 : WARNING : [UnsupportedDeviceType] Family: Other, Brand: None, Model: None
2022-08-17 22:52:27,954 : WARNING : [UnsupportedBrowserType] Family: Applebot
2022-08-17 22:52:27,969 : WARNING : [UnsupportedDeviceType] Family: Other, Brand: None, Model: None
2022-08-17 22:52:28,047 : WARNING : [UnsupportedBrowserType] Family: Applebot
2022-08-17 22:52:28,093 : WARNING : [UnsupportedBrowserType] Family: Other
2022-08-17 22:52:28,184 : WARNING : [UnsupportedBrowserType] Family: Other
2022-08-17 22:52:28,215 : WARNING : [UnsupportedBrowserType] Family: PhantomJS
2022-08-17 22:52:28,219 : WARNING : [UnsupportedBrowserType] Family: SMTBot
2022-08-17 22:52:28,280 : WARNING : [UnsupportedBrowserType] Family: PhantomJS
2022-08-17 22:52:28,287 : WARNING : [UnsupportedBrowserType] Family: PhantomJS
2022-08-17 22:52:28,316 : WARNING : [UnsupportedBrowserType] Family: WebKit Nightly
2022-08-17 22:52:28,373 : WARNING : [UnsupportedBrowserType] Family: PhantomJS
2022-08-17 22:52:28,379 : WARNING : [UnsupportedDeviceType] Family: Other, Brand: None, Model: None
2022-08-17 22:52:28,481 : WARNING : [UnsupportedBrowserType] Family: PhantomJS
2022-08-17 22:52:28,485 : WARNING : [UnsupportedBrowserType] Family: PhantomJS
2022-08-17 22:52:28,487 : WARNING : [UnsupportedBrowserType] Family: Robot
2022-08-17 22:52:28,497 : WARNING : [UnsupportedDeviceType] Family: Other, Brand: None, Model: None
2022-08-17 22:52:28,580 : WARNING : [UnsupportedBrowserType] Family: Zune
2022-08-17 22:52:28,971 : INFO : Crawled 0 pages (at 0 pages/min), scraped 0 items (at 0 items/min)
2022-08-17 22:52:28,973 : INFO : Telnet console listening on 127.0.0.1:6023
2022-08-17 22:52:29,353 : INFO : Dumping Scrapy stats:
{'downloader/request_bytes': 546,
 'downloader/request_count': 1,
 'downloader/request_method_count/GET': 1,
 'downloader/response_bytes': 26066,
 'downloader/response_count': 1,
 'downloader/response_status_count/200': 1,
 'elapsed_time_seconds': 0.381645,
 'finish_reason': 'finished',
 'finish_time': datetime.datetime(2022, 8, 17, 14, 52, 29, 352389),
 'httpcompression/response_bytes': 139268,
 'httpcompression/response_count': 1,
 'log_count/DEBUG': 9,
 'log_count/INFO': 3,
 'log_count/WARNING': 45,
 'response_received_count': 1,
 'scheduler/dequeued': 1,
 'scheduler/dequeued/memory': 1,
 'scheduler/enqueued': 1,
 'scheduler/enqueued/memory': 1,
 'spider_exceptions/TypeError': 1,
 'start_time': datetime.datetime(2022, 8, 17, 14, 52, 28, 970744)}
2022-08-17 22:56:25,861 : INFO : Note: NumExpr detected 12 cores but "NUMEXPR_MAX_THREADS" not set, so enforcing safe limit of 8.
2022-08-17 22:56:25,861 : INFO : NumExpr defaulting to 8 threads.
2022-08-17 22:56:26,115 : INFO : Telnet Password: 10096df0e0b7d44b
2022-08-17 22:56:26,499 : WARNING : [UnsupportedBrowserType] Family: Android
2022-08-17 22:56:26,544 : WARNING : [UnsupportedDeviceType] Family: Other, Brand: None, Model: None
2022-08-17 22:56:26,582 : WARNING : [UnsupportedDeviceType] Family: Other, Brand: None, Model: None
2022-08-17 22:56:26,642 : WARNING : [UnsupportedDeviceType] Family: Other, Brand: None, Model: None
2022-08-17 22:56:26,722 : WARNING : [UnsupportedDeviceType] Family: Sony BDV13, Brand: Sony, Model: BDV13
2022-08-17 22:56:26,726 : WARNING : [UnsupportedDeviceType] Family: Nintendo DSi, Brand: Nintendo, Model: DSi
2022-08-17 22:56:26,736 : WARNING : [UnsupportedDeviceType] Family: Other, Brand: None, Model: None
2022-08-17 22:56:26,760 : WARNING : [UnsupportedBrowserType] Family: Other
2022-08-17 22:56:26,775 : WARNING : [UnsupportedDeviceType] Family: LYF F90M, Brand: LYF, Model: F90M
2022-08-17 22:56:26,791 : WARNING : [UnsupportedDeviceType] Family: Sony BDV14, Brand: Sony, Model: BDV14
2022-08-17 22:56:26,862 : WARNING : [UnsupportedDeviceType] Family: LG Web0S SmartTV, Brand: LG, Model: Web0S SmartTV
2022-08-17 22:56:26,893 : WARNING : [UnsupportedDeviceType] Family: Other, Brand: None, Model: None
2022-08-17 22:56:26,970 : WARNING : [UnsupportedDeviceType] Family: Other, Brand: None, Model: None
2022-08-17 22:56:26,979 : WARNING : [UnsupportedDeviceType] Family: Other, Brand: None, Model: None
2022-08-17 22:56:26,983 : WARNING : [UnsupportedDeviceType] Family: Other, Brand: None, Model: None
2022-08-17 22:56:27,034 : WARNING : [UnsupportedDeviceType] Family: Other, Brand: None, Model: None
2022-08-17 22:56:27,038 : WARNING : [UnsupportedDeviceType] Family: Other, Brand: None, Model: None
2022-08-17 22:56:27,080 : WARNING : [UnsupportedDeviceType] Family: Other, Brand: None, Model: None
2022-08-17 22:56:27,084 : WARNING : [UnsupportedDeviceType] Family: Sony BDV11, Brand: Sony, Model: BDV11
2022-08-17 22:56:27,090 : WARNING : [UnsupportedDeviceType] Family: Other, Brand: None, Model: None
2022-08-17 22:56:27,098 : WARNING : [UnsupportedDeviceType] Family: Other, Brand: None, Model: None
2022-08-17 22:56:27,104 : WARNING : [UnsupportedDeviceType] Family: Other, Brand: None, Model: None
2022-08-17 22:56:27,119 : WARNING : [UnsupportedDeviceType] Family: Other, Brand: None, Model: None
2022-08-17 22:56:27,141 : WARNING : [UnsupportedDeviceType] Family: Nintendo DSi, Brand: Nintendo, Model: DSi
2022-08-17 22:56:27,193 : WARNING : [UnsupportedDeviceType] Family: LYF LF-2403N, Brand: LYF, Model: LF-2403N
2022-08-17 22:56:27,200 : WARNING : [UnsupportedDeviceType] Family: LYF F90M, Brand: LYF, Model: F90M
2022-08-17 22:56:27,290 : WARNING : [UnsupportedDeviceType] Family: Other, Brand: None, Model: None
2022-08-17 22:56:27,298 : WARNING : [UnsupportedDeviceType] Family: Other, Brand: None, Model: None
2022-08-17 22:56:27,380 : WARNING : [UnsupportedBrowserType] Family: Applebot
2022-08-17 22:56:27,394 : WARNING : [UnsupportedDeviceType] Family: Other, Brand: None, Model: None
2022-08-17 22:56:27,461 : WARNING : [UnsupportedBrowserType] Family: Applebot
2022-08-17 22:56:27,505 : WARNING : [UnsupportedBrowserType] Family: Other
2022-08-17 22:56:27,587 : WARNING : [UnsupportedBrowserType] Family: Other
2022-08-17 22:56:27,616 : WARNING : [UnsupportedBrowserType] Family: PhantomJS
2022-08-17 22:56:27,620 : WARNING : [UnsupportedBrowserType] Family: SMTBot
2022-08-17 22:56:27,673 : WARNING : [UnsupportedBrowserType] Family: PhantomJS
2022-08-17 22:56:27,680 : WARNING : [UnsupportedBrowserType] Family: PhantomJS
2022-08-17 22:56:27,707 : WARNING : [UnsupportedBrowserType] Family: WebKit Nightly
2022-08-17 22:56:27,757 : WARNING : [UnsupportedBrowserType] Family: PhantomJS
2022-08-17 22:56:27,764 : WARNING : [UnsupportedDeviceType] Family: Other, Brand: None, Model: None
2022-08-17 22:56:27,864 : WARNING : [UnsupportedBrowserType] Family: PhantomJS
2022-08-17 22:56:27,867 : WARNING : [UnsupportedBrowserType] Family: PhantomJS
2022-08-17 22:56:27,870 : WARNING : [UnsupportedBrowserType] Family: Robot
2022-08-17 22:56:27,882 : WARNING : [UnsupportedDeviceType] Family: Other, Brand: None, Model: None
2022-08-17 22:56:27,955 : WARNING : [UnsupportedBrowserType] Family: Zune
2022-08-17 22:56:28,213 : INFO : Crawled 0 pages (at 0 pages/min), scraped 0 items (at 0 items/min)
2022-08-17 22:56:28,215 : INFO : Telnet console listening on 127.0.0.1:6023
2022-08-17 22:56:32,705 : INFO : Dumping Scrapy stats:
{'downloader/request_bytes': 539,
 'downloader/request_count': 1,
 'downloader/request_method_count/GET': 1,
 'downloader/response_bytes': 26066,
 'downloader/response_count': 1,
 'downloader/response_status_count/200': 1,
 'elapsed_time_seconds': 4.491029,
 'finish_reason': 'finished',
 'finish_time': datetime.datetime(2022, 8, 17, 14, 56, 32, 705019),
 'httpcompression/response_bytes': 139268,
 'httpcompression/response_count': 1,
 'log_count/DEBUG': 9,
 'log_count/INFO': 3,
 'log_count/WARNING': 45,
 'response_received_count': 1,
 'scheduler/dequeued': 1,
 'scheduler/dequeued/memory': 1,
 'scheduler/enqueued': 1,
 'scheduler/enqueued/memory': 1,
 'start_time': datetime.datetime(2022, 8, 17, 14, 56, 28, 213990)}
2022-08-17 23:23:50,313 : INFO : Note: NumExpr detected 12 cores but "NUMEXPR_MAX_THREADS" not set, so enforcing safe limit of 8.
2022-08-17 23:23:50,314 : INFO : NumExpr defaulting to 8 threads.
2022-08-17 23:24:03,386 : INFO : Note: NumExpr detected 12 cores but "NUMEXPR_MAX_THREADS" not set, so enforcing safe limit of 8.
2022-08-17 23:24:03,387 : INFO : NumExpr defaulting to 8 threads.
2022-08-18 00:00:25,014 : INFO : Note: NumExpr detected 12 cores but "NUMEXPR_MAX_THREADS" not set, so enforcing safe limit of 8.
2022-08-18 00:00:25,014 : INFO : NumExpr defaulting to 8 threads.
2022-08-18 00:00:25,708 : INFO : Telnet Password: 60550c3829da522a
2022-08-18 00:00:26,170 : WARNING : [UnsupportedBrowserType] Family: Android
2022-08-18 00:00:26,213 : WARNING : [UnsupportedDeviceType] Family: Other, Brand: None, Model: None
2022-08-18 00:00:26,247 : WARNING : [UnsupportedDeviceType] Family: Other, Brand: None, Model: None
2022-08-18 00:00:26,305 : WARNING : [UnsupportedDeviceType] Family: Other, Brand: None, Model: None
2022-08-18 00:00:26,382 : WARNING : [UnsupportedDeviceType] Family: Sony BDV13, Brand: Sony, Model: BDV13
2022-08-18 00:00:26,386 : WARNING : [UnsupportedDeviceType] Family: Nintendo DSi, Brand: Nintendo, Model: DSi
2022-08-18 00:00:26,396 : WARNING : [UnsupportedDeviceType] Family: Other, Brand: None, Model: None
2022-08-18 00:00:26,421 : WARNING : [UnsupportedBrowserType] Family: Other
2022-08-18 00:00:26,436 : WARNING : [UnsupportedDeviceType] Family: LYF F90M, Brand: LYF, Model: F90M
2022-08-18 00:00:26,453 : WARNING : [UnsupportedDeviceType] Family: Sony BDV14, Brand: Sony, Model: BDV14
2022-08-18 00:00:26,520 : WARNING : [UnsupportedDeviceType] Family: LG Web0S SmartTV, Brand: LG, Model: Web0S SmartTV
2022-08-18 00:00:26,550 : WARNING : [UnsupportedDeviceType] Family: Other, Brand: None, Model: None
2022-08-18 00:00:26,620 : WARNING : [UnsupportedDeviceType] Family: Other, Brand: None, Model: None
2022-08-18 00:00:26,629 : WARNING : [UnsupportedDeviceType] Family: Other, Brand: None, Model: None
2022-08-18 00:00:26,632 : WARNING : [UnsupportedDeviceType] Family: Other, Brand: None, Model: None
2022-08-18 00:00:26,682 : WARNING : [UnsupportedDeviceType] Family: Other, Brand: None, Model: None
2022-08-18 00:00:26,686 : WARNING : [UnsupportedDeviceType] Family: Other, Brand: None, Model: None
2022-08-18 00:00:26,726 : WARNING : [UnsupportedDeviceType] Family: Other, Brand: None, Model: None
2022-08-18 00:00:26,731 : WARNING : [UnsupportedDeviceType] Family: Sony BDV11, Brand: Sony, Model: BDV11
2022-08-18 00:00:26,737 : WARNING : [UnsupportedDeviceType] Family: Other, Brand: None, Model: None
2022-08-18 00:00:26,747 : WARNING : [UnsupportedDeviceType] Family: Other, Brand: None, Model: None
2022-08-18 00:00:26,753 : WARNING : [UnsupportedDeviceType] Family: Other, Brand: None, Model: None
2022-08-18 00:00:26,767 : WARNING : [UnsupportedDeviceType] Family: Other, Brand: None, Model: None
2022-08-18 00:00:26,788 : WARNING : [UnsupportedDeviceType] Family: Nintendo DSi, Brand: Nintendo, Model: DSi
2022-08-18 00:00:26,837 : WARNING : [UnsupportedDeviceType] Family: LYF LF-2403N, Brand: LYF, Model: LF-2403N
2022-08-18 00:00:26,843 : WARNING : [UnsupportedDeviceType] Family: LYF F90M, Brand: LYF, Model: F90M
2022-08-18 00:00:26,933 : WARNING : [UnsupportedDeviceType] Family: Other, Brand: None, Model: None
2022-08-18 00:00:26,942 : WARNING : [UnsupportedDeviceType] Family: Other, Brand: None, Model: None
2022-08-18 00:00:27,023 : WARNING : [UnsupportedBrowserType] Family: Applebot
2022-08-18 00:00:27,038 : WARNING : [UnsupportedDeviceType] Family: Other, Brand: None, Model: None
2022-08-18 00:00:27,101 : WARNING : [UnsupportedBrowserType] Family: Applebot
2022-08-18 00:00:27,142 : WARNING : [UnsupportedBrowserType] Family: Other
2022-08-18 00:00:27,227 : WARNING : [UnsupportedBrowserType] Family: Other
2022-08-18 00:00:27,254 : WARNING : [UnsupportedBrowserType] Family: PhantomJS
2022-08-18 00:00:27,258 : WARNING : [UnsupportedBrowserType] Family: SMTBot
2022-08-18 00:00:27,313 : WARNING : [UnsupportedBrowserType] Family: PhantomJS
2022-08-18 00:00:27,319 : WARNING : [UnsupportedBrowserType] Family: PhantomJS
2022-08-18 00:00:27,345 : WARNING : [UnsupportedBrowserType] Family: WebKit Nightly
2022-08-18 00:00:27,393 : WARNING : [UnsupportedBrowserType] Family: PhantomJS
2022-08-18 00:00:27,398 : WARNING : [UnsupportedDeviceType] Family: Other, Brand: None, Model: None
2022-08-18 00:00:27,496 : WARNING : [UnsupportedBrowserType] Family: PhantomJS
2022-08-18 00:00:27,499 : WARNING : [UnsupportedBrowserType] Family: PhantomJS
2022-08-18 00:00:27,502 : WARNING : [UnsupportedBrowserType] Family: Robot
2022-08-18 00:00:27,512 : WARNING : [UnsupportedDeviceType] Family: Other, Brand: None, Model: None
2022-08-18 00:00:27,584 : WARNING : [UnsupportedBrowserType] Family: Zune
2022-08-18 00:00:27,948 : INFO : Crawled 0 pages (at 0 pages/min), scraped 0 items (at 0 items/min)
2022-08-18 00:00:27,951 : INFO : Telnet console listening on 127.0.0.1:6023
2022-08-18 00:00:32,538 : INFO : Dumping Scrapy stats:
{'downloader/request_bytes': 550,
 'downloader/request_count': 1,
 'downloader/request_method_count/GET': 1,
 'downloader/response_bytes': 26497,
 'downloader/response_count': 1,
 'downloader/response_status_count/200': 1,
 'elapsed_time_seconds': 4.589362,
 'finish_reason': 'finished',
 'finish_time': datetime.datetime(2022, 8, 17, 16, 0, 32, 538346),
 'httpcompression/response_bytes': 138896,
 'httpcompression/response_count': 1,
 'log_count/DEBUG': 9,
 'log_count/INFO': 3,
 'log_count/WARNING': 45,
 'response_received_count': 1,
 'scheduler/dequeued': 1,
 'scheduler/dequeued/memory': 1,
 'scheduler/enqueued': 1,
 'scheduler/enqueued/memory': 1,
 'start_time': datetime.datetime(2022, 8, 17, 16, 0, 27, 948984)}
2022-08-19 16:31:56,568 : INFO : Telnet Password: f939d4621753337a
2022-08-19 16:31:57,101 : WARNING : [UnsupportedBrowserType] Family: Android
2022-08-19 16:31:57,138 : WARNING : [UnsupportedDeviceType] Family: Other, Brand: None, Model: None
2022-08-19 16:31:57,169 : WARNING : [UnsupportedDeviceType] Family: Other, Brand: None, Model: None
2022-08-19 16:31:57,238 : WARNING : [UnsupportedDeviceType] Family: Other, Brand: None, Model: None
2022-08-19 16:31:57,316 : WARNING : [UnsupportedDeviceType] Family: Sony BDV13, Brand: Sony, Model: BDV13
2022-08-19 16:31:57,323 : WARNING : [UnsupportedDeviceType] Family: Nintendo DSi, Brand: Nintendo, Model: DSi
2022-08-19 16:31:57,323 : WARNING : [UnsupportedDeviceType] Family: Other, Brand: None, Model: None
2022-08-19 16:31:57,354 : WARNING : [UnsupportedBrowserType] Family: Other
2022-08-19 16:31:57,370 : WARNING : [UnsupportedDeviceType] Family: LYF F90M, Brand: LYF, Model: F90M
2022-08-19 16:31:57,386 : WARNING : [UnsupportedDeviceType] Family: Sony BDV14, Brand: Sony, Model: BDV14
2022-08-19 16:31:57,454 : WARNING : [UnsupportedDeviceType] Family: LG Web0S SmartTV, Brand: LG, Model: Web0S SmartTV
2022-08-19 16:31:57,486 : WARNING : [UnsupportedDeviceType] Family: Other, Brand: None, Model: None
2022-08-19 16:31:57,554 : WARNING : [UnsupportedDeviceType] Family: Other, Brand: None, Model: None
2022-08-19 16:31:57,570 : WARNING : [UnsupportedDeviceType] Family: Other, Brand: None, Model: None
2022-08-19 16:31:57,570 : WARNING : [UnsupportedDeviceType] Family: Other, Brand: None, Model: None
2022-08-19 16:31:57,623 : WARNING : [UnsupportedDeviceType] Family: Other, Brand: None, Model: None
2022-08-19 16:31:57,623 : WARNING : [UnsupportedDeviceType] Family: Other, Brand: None, Model: None
2022-08-19 16:31:57,670 : WARNING : [UnsupportedDeviceType] Family: Other, Brand: None, Model: None
2022-08-19 16:31:57,670 : WARNING : [UnsupportedDeviceType] Family: Sony BDV11, Brand: Sony, Model: BDV11
2022-08-19 16:31:57,686 : WARNING : [UnsupportedDeviceType] Family: Other, Brand: None, Model: None
2022-08-19 16:31:57,686 : WARNING : [UnsupportedDeviceType] Family: Other, Brand: None, Model: None
2022-08-19 16:31:57,702 : WARNING : [UnsupportedDeviceType] Family: Other, Brand: None, Model: None
2022-08-19 16:31:57,723 : WARNING : [UnsupportedDeviceType] Family: Other, Brand: None, Model: None
2022-08-19 16:31:57,739 : WARNING : [UnsupportedDeviceType] Family: Nintendo DSi, Brand: Nintendo, Model: DSi
2022-08-19 16:31:57,801 : WARNING : [UnsupportedDeviceType] Family: LYF LF-2403N, Brand: LYF, Model: LF-2403N
2022-08-19 16:31:57,801 : WARNING : [UnsupportedDeviceType] Family: LYF F90M, Brand: LYF, Model: F90M
2022-08-19 16:31:57,917 : WARNING : [UnsupportedDeviceType] Family: Other, Brand: None, Model: None
2022-08-19 16:31:57,924 : WARNING : [UnsupportedDeviceType] Family: Other, Brand: None, Model: None
2022-08-19 16:31:58,007 : WARNING : [UnsupportedBrowserType] Family: Applebot
2022-08-19 16:31:58,016 : WARNING : [UnsupportedDeviceType] Family: Other, Brand: None, Model: None
2022-08-19 16:31:58,071 : WARNING : [UnsupportedBrowserType] Family: Applebot
2022-08-19 16:31:58,124 : WARNING : [UnsupportedBrowserType] Family: Other
2022-08-19 16:31:58,203 : WARNING : [UnsupportedBrowserType] Family: Other
2022-08-19 16:31:58,224 : WARNING : [UnsupportedBrowserType] Family: PhantomJS
2022-08-19 16:31:58,224 : WARNING : [UnsupportedBrowserType] Family: SMTBot
2022-08-19 16:31:58,288 : WARNING : [UnsupportedBrowserType] Family: PhantomJS
2022-08-19 16:31:58,288 : WARNING : [UnsupportedBrowserType] Family: PhantomJS
2022-08-19 16:31:58,319 : WARNING : [UnsupportedBrowserType] Family: WebKit Nightly
2022-08-19 16:31:58,371 : WARNING : [UnsupportedBrowserType] Family: PhantomJS
2022-08-19 16:31:58,371 : WARNING : [UnsupportedDeviceType] Family: Other, Brand: None, Model: None
2022-08-19 16:31:58,456 : WARNING : [UnsupportedBrowserType] Family: PhantomJS
2022-08-19 16:31:58,456 : WARNING : [UnsupportedBrowserType] Family: PhantomJS
2022-08-19 16:31:58,471 : WARNING : [UnsupportedBrowserType] Family: Robot
2022-08-19 16:31:58,471 : WARNING : [UnsupportedDeviceType] Family: Other, Brand: None, Model: None
2022-08-19 16:31:58,548 : WARNING : [UnsupportedBrowserType] Family: Zune
2022-08-19 16:31:58,668 : CRITICAL : Unhandled error in Deferred:
2022-08-19 16:31:58,701 : CRITICAL : 
Traceback (most recent call last):
  File "C:\Users\user\anaconda3\lib\site-packages\twisted\internet\defer.py", line 1660, in _inlineCallbacks
    result = current_context.run(gen.send, result)
  File "C:\Users\user\anaconda3\lib\site-packages\scrapy\crawler.py", line 102, in crawl
    self.engine = self._create_engine()
  File "C:\Users\user\anaconda3\lib\site-packages\scrapy\crawler.py", line 116, in _create_engine
    return ExecutionEngine(self, lambda _: self.stop())
  File "C:\Users\user\anaconda3\lib\site-packages\scrapy\core\engine.py", line 84, in __init__
    self.scraper = Scraper(crawler)
  File "C:\Users\user\anaconda3\lib\site-packages\scrapy\core\scraper.py", line 75, in __init__
    self.itemproc = itemproc_cls.from_crawler(crawler)
  File "C:\Users\user\anaconda3\lib\site-packages\scrapy\middleware.py", line 59, in from_crawler
    return cls.from_settings(crawler.settings, crawler)
  File "C:\Users\user\anaconda3\lib\site-packages\scrapy\middleware.py", line 40, in from_settings
    mwcls = load_object(clspath)
  File "C:\Users\user\anaconda3\lib\site-packages\scrapy\utils\misc.py", line 61, in load_object
    mod = import_module(module)
  File "C:\Users\user\anaconda3\lib\importlib\__init__.py", line 127, in import_module
    return _bootstrap._gcd_import(name[level:], package, level)
  File "<frozen importlib._bootstrap>", line 1030, in _gcd_import
  File "<frozen importlib._bootstrap>", line 1007, in _find_and_load
  File "<frozen importlib._bootstrap>", line 986, in _find_and_load_unlocked
  File "<frozen importlib._bootstrap>", line 680, in _load_unlocked
  File "<frozen importlib._bootstrap_external>", line 850, in exec_module
  File "<frozen importlib._bootstrap>", line 228, in _call_with_frames_removed
  File "C:\project\webCrawl\webCrawl\pipelines.py", line 8, in <module>
    import pymysql
ModuleNotFoundError: No module named 'pymysql'
2022-08-19 16:42:40,727 : INFO : Telnet Password: 87133666b47dedf8
2022-08-19 16:42:41,196 : WARNING : [UnsupportedBrowserType] Family: Android
2022-08-19 16:42:41,228 : WARNING : [UnsupportedDeviceType] Family: Other, Brand: None, Model: None
2022-08-19 16:42:41,266 : WARNING : [UnsupportedDeviceType] Family: Other, Brand: None, Model: None
2022-08-19 16:42:41,328 : WARNING : [UnsupportedDeviceType] Family: Other, Brand: None, Model: None
2022-08-19 16:42:41,397 : WARNING : [UnsupportedDeviceType] Family: Sony BDV13, Brand: Sony, Model: BDV13
2022-08-19 16:42:41,412 : WARNING : [UnsupportedDeviceType] Family: Nintendo DSi, Brand: Nintendo, Model: DSi
2022-08-19 16:42:41,412 : WARNING : [UnsupportedDeviceType] Family: Other, Brand: None, Model: None
2022-08-19 16:42:41,444 : WARNING : [UnsupportedBrowserType] Family: Other
2022-08-19 16:42:41,450 : WARNING : [UnsupportedDeviceType] Family: LYF F90M, Brand: LYF, Model: F90M
2022-08-19 16:42:41,481 : WARNING : [UnsupportedDeviceType] Family: Sony BDV14, Brand: Sony, Model: BDV14
2022-08-19 16:42:41,550 : WARNING : [UnsupportedDeviceType] Family: LG Web0S SmartTV, Brand: LG, Model: Web0S SmartTV
2022-08-19 16:42:41,582 : WARNING : [UnsupportedDeviceType] Family: Other, Brand: None, Model: None
2022-08-19 16:42:41,650 : WARNING : [UnsupportedDeviceType] Family: Other, Brand: None, Model: None
2022-08-19 16:42:41,666 : WARNING : [UnsupportedDeviceType] Family: Other, Brand: None, Model: None
2022-08-19 16:42:41,666 : WARNING : [UnsupportedDeviceType] Family: Other, Brand: None, Model: None
2022-08-19 16:42:41,713 : WARNING : [UnsupportedDeviceType] Family: Other, Brand: None, Model: None
2022-08-19 16:42:41,728 : WARNING : [UnsupportedDeviceType] Family: Other, Brand: None, Model: None
2022-08-19 16:42:41,766 : WARNING : [UnsupportedDeviceType] Family: Other, Brand: None, Model: None
2022-08-19 16:42:41,766 : WARNING : [UnsupportedDeviceType] Family: Sony BDV11, Brand: Sony, Model: BDV11
2022-08-19 16:42:41,782 : WARNING : [UnsupportedDeviceType] Family: Other, Brand: None, Model: None
2022-08-19 16:42:41,782 : WARNING : [UnsupportedDeviceType] Family: Other, Brand: None, Model: None
2022-08-19 16:42:41,797 : WARNING : [UnsupportedDeviceType] Family: Other, Brand: None, Model: None
2022-08-19 16:42:41,813 : WARNING : [UnsupportedDeviceType] Family: Other, Brand: None, Model: None
2022-08-19 16:42:41,829 : WARNING : [UnsupportedDeviceType] Family: Nintendo DSi, Brand: Nintendo, Model: DSi
2022-08-19 16:42:41,882 : WARNING : [UnsupportedDeviceType] Family: LYF LF-2403N, Brand: LYF, Model: LF-2403N
2022-08-19 16:42:41,882 : WARNING : [UnsupportedDeviceType] Family: LYF F90M, Brand: LYF, Model: F90M
2022-08-19 16:42:41,984 : WARNING : [UnsupportedDeviceType] Family: Other, Brand: None, Model: None
2022-08-19 16:42:41,984 : WARNING : [UnsupportedDeviceType] Family: Other, Brand: None, Model: None
2022-08-19 16:42:42,067 : WARNING : [UnsupportedBrowserType] Family: Applebot
2022-08-19 16:42:42,082 : WARNING : [UnsupportedDeviceType] Family: Other, Brand: None, Model: None
2022-08-19 16:42:42,145 : WARNING : [UnsupportedBrowserType] Family: Applebot
2022-08-19 16:42:42,183 : WARNING : [UnsupportedBrowserType] Family: Other
2022-08-19 16:42:42,267 : WARNING : [UnsupportedBrowserType] Family: Other
2022-08-19 16:42:42,298 : WARNING : [UnsupportedBrowserType] Family: PhantomJS
2022-08-19 16:42:42,298 : WARNING : [UnsupportedBrowserType] Family: SMTBot
2022-08-19 16:42:42,352 : WARNING : [UnsupportedBrowserType] Family: PhantomJS
2022-08-19 16:42:42,352 : WARNING : [UnsupportedBrowserType] Family: PhantomJS
2022-08-19 16:42:42,383 : WARNING : [UnsupportedBrowserType] Family: WebKit Nightly
2022-08-19 16:42:42,430 : WARNING : [UnsupportedBrowserType] Family: PhantomJS
2022-08-19 16:42:42,446 : WARNING : [UnsupportedDeviceType] Family: Other, Brand: None, Model: None
2022-08-19 16:42:42,531 : WARNING : [UnsupportedBrowserType] Family: PhantomJS
2022-08-19 16:42:42,531 : WARNING : [UnsupportedBrowserType] Family: PhantomJS
2022-08-19 16:42:42,531 : WARNING : [UnsupportedBrowserType] Family: Robot
2022-08-19 16:42:42,552 : WARNING : [UnsupportedDeviceType] Family: Other, Brand: None, Model: None
2022-08-19 16:42:42,632 : WARNING : [UnsupportedBrowserType] Family: Zune
2022-08-19 16:42:42,700 : CRITICAL : Unhandled error in Deferred:
2022-08-19 16:42:42,731 : CRITICAL : 
Traceback (most recent call last):
  File "C:\Users\user\anaconda3\lib\site-packages\twisted\internet\defer.py", line 1660, in _inlineCallbacks
    result = current_context.run(gen.send, result)
  File "C:\Users\user\anaconda3\lib\site-packages\scrapy\crawler.py", line 102, in crawl
    self.engine = self._create_engine()
  File "C:\Users\user\anaconda3\lib\site-packages\scrapy\crawler.py", line 116, in _create_engine
    return ExecutionEngine(self, lambda _: self.stop())
  File "C:\Users\user\anaconda3\lib\site-packages\scrapy\core\engine.py", line 84, in __init__
    self.scraper = Scraper(crawler)
  File "C:\Users\user\anaconda3\lib\site-packages\scrapy\core\scraper.py", line 75, in __init__
    self.itemproc = itemproc_cls.from_crawler(crawler)
  File "C:\Users\user\anaconda3\lib\site-packages\scrapy\middleware.py", line 59, in from_crawler
    return cls.from_settings(crawler.settings, crawler)
  File "C:\Users\user\anaconda3\lib\site-packages\scrapy\middleware.py", line 40, in from_settings
    mwcls = load_object(clspath)
  File "C:\Users\user\anaconda3\lib\site-packages\scrapy\utils\misc.py", line 61, in load_object
    mod = import_module(module)
  File "C:\Users\user\anaconda3\lib\importlib\__init__.py", line 127, in import_module
    return _bootstrap._gcd_import(name[level:], package, level)
  File "<frozen importlib._bootstrap>", line 1030, in _gcd_import
  File "<frozen importlib._bootstrap>", line 1007, in _find_and_load
  File "<frozen importlib._bootstrap>", line 986, in _find_and_load_unlocked
  File "<frozen importlib._bootstrap>", line 680, in _load_unlocked
  File "<frozen importlib._bootstrap_external>", line 850, in exec_module
  File "<frozen importlib._bootstrap>", line 228, in _call_with_frames_removed
  File "C:\project\webCrawl\webCrawl\pipelines.py", line 8, in <module>
    import pymysql
ModuleNotFoundError: No module named 'pymysql'
2022-08-19 16:44:16,695 : INFO : Telnet Password: 52b365946a023db2
2022-08-19 16:44:17,080 : WARNING : [UnsupportedBrowserType] Family: Android
2022-08-19 16:44:17,127 : WARNING : [UnsupportedDeviceType] Family: Other, Brand: None, Model: None
2022-08-19 16:44:17,158 : WARNING : [UnsupportedDeviceType] Family: Other, Brand: None, Model: None
2022-08-19 16:44:17,228 : WARNING : [UnsupportedDeviceType] Family: Other, Brand: None, Model: None
2022-08-19 16:44:17,297 : WARNING : [UnsupportedDeviceType] Family: Sony BDV13, Brand: Sony, Model: BDV13
2022-08-19 16:44:17,297 : WARNING : [UnsupportedDeviceType] Family: Nintendo DSi, Brand: Nintendo, Model: DSi
2022-08-19 16:44:17,312 : WARNING : [UnsupportedDeviceType] Family: Other, Brand: None, Model: None
2022-08-19 16:44:17,344 : WARNING : [UnsupportedBrowserType] Family: Other
2022-08-19 16:44:17,359 : WARNING : [UnsupportedDeviceType] Family: LYF F90M, Brand: LYF, Model: F90M
2022-08-19 16:44:17,375 : WARNING : [UnsupportedDeviceType] Family: Sony BDV14, Brand: Sony, Model: BDV14
2022-08-19 16:44:17,448 : WARNING : [UnsupportedDeviceType] Family: LG Web0S SmartTV, Brand: LG, Model: Web0S SmartTV
2022-08-19 16:44:17,480 : WARNING : [UnsupportedDeviceType] Family: Other, Brand: None, Model: None
2022-08-19 16:44:17,544 : WARNING : [UnsupportedDeviceType] Family: Other, Brand: None, Model: None
2022-08-19 16:44:17,560 : WARNING : [UnsupportedDeviceType] Family: Other, Brand: None, Model: None
2022-08-19 16:44:17,560 : WARNING : [UnsupportedDeviceType] Family: Other, Brand: None, Model: None
2022-08-19 16:44:17,613 : WARNING : [UnsupportedDeviceType] Family: Other, Brand: None, Model: None
2022-08-19 16:44:17,613 : WARNING : [UnsupportedDeviceType] Family: Other, Brand: None, Model: None
2022-08-19 16:44:17,660 : WARNING : [UnsupportedDeviceType] Family: Other, Brand: None, Model: None
2022-08-19 16:44:17,675 : WARNING : [UnsupportedDeviceType] Family: Sony BDV11, Brand: Sony, Model: BDV11
2022-08-19 16:44:17,682 : WARNING : [UnsupportedDeviceType] Family: Other, Brand: None, Model: None
2022-08-19 16:44:17,697 : WARNING : [UnsupportedDeviceType] Family: Other, Brand: None, Model: None
2022-08-19 16:44:17,697 : WARNING : [UnsupportedDeviceType] Family: Other, Brand: None, Model: None
2022-08-19 16:44:17,713 : WARNING : [UnsupportedDeviceType] Family: Other, Brand: None, Model: None
2022-08-19 16:44:17,729 : WARNING : [UnsupportedDeviceType] Family: Nintendo DSi, Brand: Nintendo, Model: DSi
2022-08-19 16:44:17,782 : WARNING : [UnsupportedDeviceType] Family: LYF LF-2403N, Brand: LYF, Model: LF-2403N
2022-08-19 16:44:17,797 : WARNING : [UnsupportedDeviceType] Family: LYF F90M, Brand: LYF, Model: F90M
2022-08-19 16:44:17,882 : WARNING : [UnsupportedDeviceType] Family: Other, Brand: None, Model: None
2022-08-19 16:44:17,898 : WARNING : [UnsupportedDeviceType] Family: Other, Brand: None, Model: None
2022-08-19 16:44:17,977 : WARNING : [UnsupportedBrowserType] Family: Applebot
2022-08-19 16:44:17,982 : WARNING : [UnsupportedDeviceType] Family: Other, Brand: None, Model: None
2022-08-19 16:44:18,045 : WARNING : [UnsupportedBrowserType] Family: Applebot
2022-08-19 16:44:18,098 : WARNING : [UnsupportedBrowserType] Family: Other
2022-08-19 16:44:18,177 : WARNING : [UnsupportedBrowserType] Family: Other
2022-08-19 16:44:18,199 : WARNING : [UnsupportedBrowserType] Family: PhantomJS
2022-08-19 16:44:18,199 : WARNING : [UnsupportedBrowserType] Family: SMTBot
2022-08-19 16:44:18,261 : WARNING : [UnsupportedBrowserType] Family: PhantomJS
2022-08-19 16:44:18,277 : WARNING : [UnsupportedBrowserType] Family: PhantomJS
2022-08-19 16:44:18,299 : WARNING : [UnsupportedBrowserType] Family: WebKit Nightly
2022-08-19 16:44:18,346 : WARNING : [UnsupportedBrowserType] Family: PhantomJS
2022-08-19 16:44:18,346 : WARNING : [UnsupportedDeviceType] Family: Other, Brand: None, Model: None
2022-08-19 16:44:18,446 : WARNING : [UnsupportedBrowserType] Family: PhantomJS
2022-08-19 16:44:18,446 : WARNING : [UnsupportedBrowserType] Family: PhantomJS
2022-08-19 16:44:18,446 : WARNING : [UnsupportedBrowserType] Family: Robot
2022-08-19 16:44:18,462 : WARNING : [UnsupportedDeviceType] Family: Other, Brand: None, Model: None
2022-08-19 16:44:18,531 : WARNING : [UnsupportedBrowserType] Family: Zune
2022-08-19 16:44:22,718 : CRITICAL : Unhandled error in Deferred:
2022-08-19 16:44:22,718 : CRITICAL : 
Traceback (most recent call last):
  File "C:\Users\user\anaconda3\lib\site-packages\pymysql\connections.py", line 613, in connect
    sock = socket.create_connection(
  File "C:\Users\user\anaconda3\lib\socket.py", line 844, in create_connection
    raise err
  File "C:\Users\user\anaconda3\lib\socket.py", line 832, in create_connection
    sock.connect(sa)
ConnectionRefusedError: [WinError 10061] 無法連線，因為目標電腦拒絕連線。

During handling of the above exception, another exception occurred:

Traceback (most recent call last):
  File "C:\Users\user\anaconda3\lib\site-packages\twisted\internet\defer.py", line 1660, in _inlineCallbacks
    result = current_context.run(gen.send, result)
  File "C:\Users\user\anaconda3\lib\site-packages\scrapy\crawler.py", line 102, in crawl
    self.engine = self._create_engine()
  File "C:\Users\user\anaconda3\lib\site-packages\scrapy\crawler.py", line 116, in _create_engine
    return ExecutionEngine(self, lambda _: self.stop())
  File "C:\Users\user\anaconda3\lib\site-packages\scrapy\core\engine.py", line 84, in __init__
    self.scraper = Scraper(crawler)
  File "C:\Users\user\anaconda3\lib\site-packages\scrapy\core\scraper.py", line 75, in __init__
    self.itemproc = itemproc_cls.from_crawler(crawler)
  File "C:\Users\user\anaconda3\lib\site-packages\scrapy\middleware.py", line 59, in from_crawler
    return cls.from_settings(crawler.settings, crawler)
  File "C:\Users\user\anaconda3\lib\site-packages\scrapy\middleware.py", line 41, in from_settings
    mw = create_instance(mwcls, settings, crawler)
  File "C:\Users\user\anaconda3\lib\site-packages\scrapy\utils\misc.py", line 172, in create_instance
    instance = objcls(*args, **kwargs)
  File "C:\project\webCrawl\webCrawl\pipelines.py", line 14, in __init__
    self.connect = pymysql.connect(
  File "C:\Users\user\anaconda3\lib\site-packages\pymysql\connections.py", line 353, in __init__
    self.connect()
  File "C:\Users\user\anaconda3\lib\site-packages\pymysql\connections.py", line 664, in connect
    raise exc
pymysql.err.OperationalError: (2003, "Can't connect to MySQL server on 'localhost' ([WinError 10061] 無法連線，因為目標電腦拒絕連線。)")
2022-08-20 01:07:18,561 : INFO : Telnet Password: 264639c7ca29e16e
2022-08-20 01:07:19,062 : WARNING : [UnsupportedBrowserType] Family: Android
2022-08-20 01:07:19,109 : WARNING : [UnsupportedDeviceType] Family: Other, Brand: None, Model: None
2022-08-20 01:07:19,140 : WARNING : [UnsupportedDeviceType] Family: Other, Brand: None, Model: None
2022-08-20 01:07:19,209 : WARNING : [UnsupportedDeviceType] Family: Other, Brand: None, Model: None
2022-08-20 01:07:19,278 : WARNING : [UnsupportedDeviceType] Family: Sony BDV13, Brand: Sony, Model: BDV13
2022-08-20 01:07:19,293 : WARNING : [UnsupportedDeviceType] Family: Nintendo DSi, Brand: Nintendo, Model: DSi
2022-08-20 01:07:19,293 : WARNING : [UnsupportedDeviceType] Family: Other, Brand: None, Model: None
2022-08-20 01:07:19,325 : WARNING : [UnsupportedBrowserType] Family: Other
2022-08-20 01:07:19,340 : WARNING : [UnsupportedDeviceType] Family: LYF F90M, Brand: LYF, Model: F90M
2022-08-20 01:07:19,356 : WARNING : [UnsupportedDeviceType] Family: Sony BDV14, Brand: Sony, Model: BDV14
2022-08-20 01:07:19,416 : WARNING : [UnsupportedDeviceType] Family: LG Web0S SmartTV, Brand: LG, Model: Web0S SmartTV
2022-08-20 01:07:19,447 : WARNING : [UnsupportedDeviceType] Family: Other, Brand: None, Model: None
2022-08-20 01:07:19,525 : WARNING : [UnsupportedDeviceType] Family: Other, Brand: None, Model: None
2022-08-20 01:07:19,541 : WARNING : [UnsupportedDeviceType] Family: Other, Brand: None, Model: None
2022-08-20 01:07:19,541 : WARNING : [UnsupportedDeviceType] Family: Other, Brand: None, Model: None
2022-08-20 01:07:19,594 : WARNING : [UnsupportedDeviceType] Family: Other, Brand: None, Model: None
2022-08-20 01:07:19,594 : WARNING : [UnsupportedDeviceType] Family: Other, Brand: None, Model: None
2022-08-20 01:07:19,626 : WARNING : [UnsupportedDeviceType] Family: Other, Brand: None, Model: None
2022-08-20 01:07:19,642 : WARNING : [UnsupportedDeviceType] Family: Sony BDV11, Brand: Sony, Model: BDV11
2022-08-20 01:07:19,642 : WARNING : [UnsupportedDeviceType] Family: Other, Brand: None, Model: None
2022-08-20 01:07:19,657 : WARNING : [UnsupportedDeviceType] Family: Other, Brand: None, Model: None
2022-08-20 01:07:19,663 : WARNING : [UnsupportedDeviceType] Family: Other, Brand: None, Model: None
2022-08-20 01:07:19,679 : WARNING : [UnsupportedDeviceType] Family: Other, Brand: None, Model: None
2022-08-20 01:07:19,695 : WARNING : [UnsupportedDeviceType] Family: Nintendo DSi, Brand: Nintendo, Model: DSi
2022-08-20 01:07:19,741 : WARNING : [UnsupportedDeviceType] Family: LYF LF-2403N, Brand: LYF, Model: LF-2403N
2022-08-20 01:07:19,757 : WARNING : [UnsupportedDeviceType] Family: LYF F90M, Brand: LYF, Model: F90M
2022-08-20 01:07:19,841 : WARNING : [UnsupportedDeviceType] Family: Other, Brand: None, Model: None
2022-08-20 01:07:19,857 : WARNING : [UnsupportedDeviceType] Family: Other, Brand: None, Model: None
2022-08-20 01:07:19,926 : WARNING : [UnsupportedBrowserType] Family: Applebot
2022-08-20 01:07:19,941 : WARNING : [UnsupportedDeviceType] Family: Other, Brand: None, Model: None
2022-08-20 01:07:20,010 : WARNING : [UnsupportedBrowserType] Family: Applebot
2022-08-20 01:07:20,042 : WARNING : [UnsupportedBrowserType] Family: Other
2022-08-20 01:07:20,126 : WARNING : [UnsupportedBrowserType] Family: Other
2022-08-20 01:07:20,164 : WARNING : [UnsupportedBrowserType] Family: PhantomJS
2022-08-20 01:07:20,164 : WARNING : [UnsupportedBrowserType] Family: SMTBot
2022-08-20 01:07:20,226 : WARNING : [UnsupportedBrowserType] Family: PhantomJS
2022-08-20 01:07:20,226 : WARNING : [UnsupportedBrowserType] Family: PhantomJS
2022-08-20 01:07:20,258 : WARNING : [UnsupportedBrowserType] Family: WebKit Nightly
2022-08-20 01:07:20,311 : WARNING : [UnsupportedBrowserType] Family: PhantomJS
2022-08-20 01:07:20,311 : WARNING : [UnsupportedDeviceType] Family: Other, Brand: None, Model: None
2022-08-20 01:07:20,395 : WARNING : [UnsupportedBrowserType] Family: PhantomJS
2022-08-20 01:07:20,411 : WARNING : [UnsupportedBrowserType] Family: PhantomJS
2022-08-20 01:07:20,411 : WARNING : [UnsupportedBrowserType] Family: Robot
2022-08-20 01:07:20,411 : WARNING : [UnsupportedDeviceType] Family: Other, Brand: None, Model: None
2022-08-20 01:07:20,496 : WARNING : [UnsupportedBrowserType] Family: Zune
2022-08-20 01:07:20,897 : INFO : Crawled 0 pages (at 0 pages/min), scraped 0 items (at 0 items/min)
2022-08-20 01:07:20,912 : INFO : Telnet console listening on 127.0.0.1:6023
2022-08-20 01:07:21,181 : INFO : Dumping Scrapy stats:
{'downloader/request_bytes': 546,
 'downloader/request_count': 1,
 'downloader/request_method_count/GET': 1,
 'downloader/response_bytes': 18520,
 'downloader/response_count': 1,
 'downloader/response_status_count/200': 1,
 'elapsed_time_seconds': 0.284864,
 'finish_reason': 'finished',
 'finish_time': datetime.datetime(2022, 8, 19, 17, 7, 21, 181988),
 'httpcompression/response_bytes': 69870,
 'httpcompression/response_count': 1,
 'log_count/DEBUG': 9,
 'log_count/INFO': 3,
 'log_count/WARNING': 45,
 'response_received_count': 1,
 'scheduler/dequeued': 1,
 'scheduler/dequeued/memory': 1,
 'scheduler/enqueued': 1,
 'scheduler/enqueued/memory': 1,
 'spider_exceptions/AttributeError': 1,
 'start_time': datetime.datetime(2022, 8, 19, 17, 7, 20, 897124)}
2022-08-20 01:12:00,523 : INFO : Telnet Password: 5e3d1e7c2a324ae4
2022-08-20 01:12:00,893 : WARNING : [UnsupportedBrowserType] Family: Android
2022-08-20 01:12:00,946 : WARNING : [UnsupportedDeviceType] Family: Other, Brand: None, Model: None
2022-08-20 01:12:00,978 : WARNING : [UnsupportedDeviceType] Family: Other, Brand: None, Model: None
2022-08-20 01:12:01,047 : WARNING : [UnsupportedDeviceType] Family: Other, Brand: None, Model: None
2022-08-20 01:12:01,125 : WARNING : [UnsupportedDeviceType] Family: Sony BDV13, Brand: Sony, Model: BDV13
2022-08-20 01:12:01,125 : WARNING : [UnsupportedDeviceType] Family: Nintendo DSi, Brand: Nintendo, Model: DSi
2022-08-20 01:12:01,140 : WARNING : [UnsupportedDeviceType] Family: Other, Brand: None, Model: None
2022-08-20 01:12:01,163 : WARNING : [UnsupportedBrowserType] Family: Other
2022-08-20 01:12:01,178 : WARNING : [UnsupportedDeviceType] Family: LYF F90M, Brand: LYF, Model: F90M
2022-08-20 01:12:01,194 : WARNING : [UnsupportedDeviceType] Family: Sony BDV14, Brand: Sony, Model: BDV14
2022-08-20 01:12:01,263 : WARNING : [UnsupportedDeviceType] Family: LG Web0S SmartTV, Brand: LG, Model: Web0S SmartTV
2022-08-20 01:12:01,295 : WARNING : [UnsupportedDeviceType] Family: Other, Brand: None, Model: None
2022-08-20 01:12:01,363 : WARNING : [UnsupportedDeviceType] Family: Other, Brand: None, Model: None
2022-08-20 01:12:01,379 : WARNING : [UnsupportedDeviceType] Family: Other, Brand: None, Model: None
2022-08-20 01:12:01,379 : WARNING : [UnsupportedDeviceType] Family: Other, Brand: None, Model: None
2022-08-20 01:12:01,426 : WARNING : [UnsupportedDeviceType] Family: Other, Brand: None, Model: None
2022-08-20 01:12:01,442 : WARNING : [UnsupportedDeviceType] Family: Other, Brand: None, Model: None
2022-08-20 01:12:01,480 : WARNING : [UnsupportedDeviceType] Family: Other, Brand: None, Model: None
2022-08-20 01:12:01,480 : WARNING : [UnsupportedDeviceType] Family: Sony BDV11, Brand: Sony, Model: BDV11
2022-08-20 01:12:01,495 : WARNING : [UnsupportedDeviceType] Family: Other, Brand: None, Model: None
2022-08-20 01:12:01,495 : WARNING : [UnsupportedDeviceType] Family: Other, Brand: None, Model: None
2022-08-20 01:12:01,511 : WARNING : [UnsupportedDeviceType] Family: Other, Brand: None, Model: None
2022-08-20 01:12:01,512 : WARNING : [UnsupportedDeviceType] Family: Other, Brand: None, Model: None
2022-08-20 01:12:01,544 : WARNING : [UnsupportedDeviceType] Family: Nintendo DSi, Brand: Nintendo, Model: DSi
2022-08-20 01:12:01,596 : WARNING : [UnsupportedDeviceType] Family: LYF LF-2403N, Brand: LYF, Model: LF-2403N
2022-08-20 01:12:01,596 : WARNING : [UnsupportedDeviceType] Family: LYF F90M, Brand: LYF, Model: F90M
2022-08-20 01:12:01,696 : WARNING : [UnsupportedDeviceType] Family: Other, Brand: None, Model: None
2022-08-20 01:12:01,696 : WARNING : [UnsupportedDeviceType] Family: Other, Brand: None, Model: None
2022-08-20 01:12:01,796 : WARNING : [UnsupportedBrowserType] Family: Applebot
2022-08-20 01:12:01,811 : WARNING : [UnsupportedDeviceType] Family: Other, Brand: None, Model: None
2022-08-20 01:12:01,865 : WARNING : [UnsupportedBrowserType] Family: Applebot
2022-08-20 01:12:01,912 : WARNING : [UnsupportedBrowserType] Family: Other
2022-08-20 01:12:01,996 : WARNING : [UnsupportedBrowserType] Family: Other
2022-08-20 01:12:02,028 : WARNING : [UnsupportedBrowserType] Family: PhantomJS
2022-08-20 01:12:02,028 : WARNING : [UnsupportedBrowserType] Family: SMTBot
2022-08-20 01:12:02,081 : WARNING : [UnsupportedBrowserType] Family: PhantomJS
2022-08-20 01:12:02,096 : WARNING : [UnsupportedBrowserType] Family: PhantomJS
2022-08-20 01:12:02,128 : WARNING : [UnsupportedBrowserType] Family: WebKit Nightly
2022-08-20 01:12:02,165 : WARNING : [UnsupportedBrowserType] Family: PhantomJS
2022-08-20 01:12:02,181 : WARNING : [UnsupportedDeviceType] Family: Other, Brand: None, Model: None
2022-08-20 01:12:02,266 : WARNING : [UnsupportedBrowserType] Family: PhantomJS
2022-08-20 01:12:02,282 : WARNING : [UnsupportedBrowserType] Family: PhantomJS
2022-08-20 01:12:02,282 : WARNING : [UnsupportedBrowserType] Family: Robot
2022-08-20 01:12:02,297 : WARNING : [UnsupportedDeviceType] Family: Other, Brand: None, Model: None
2022-08-20 01:12:02,366 : WARNING : [UnsupportedBrowserType] Family: Zune
2022-08-20 01:12:02,614 : INFO : Crawled 0 pages (at 0 pages/min), scraped 0 items (at 0 items/min)
2022-08-20 01:12:02,630 : INFO : Telnet console listening on 127.0.0.1:6023
2022-08-20 01:12:02,852 : INFO : Dumping Scrapy stats:
{'downloader/request_bytes': 538,
 'downloader/request_count': 1,
 'downloader/request_method_count/GET': 1,
 'downloader/response_bytes': 18520,
 'downloader/response_count': 1,
 'downloader/response_status_count/200': 1,
 'elapsed_time_seconds': 0.238281,
 'finish_reason': 'finished',
 'finish_time': datetime.datetime(2022, 8, 19, 17, 12, 2, 852680),
 'httpcompression/response_bytes': 69870,
 'httpcompression/response_count': 1,
 'log_count/DEBUG': 9,
 'log_count/INFO': 3,
 'log_count/WARNING': 45,
 'response_received_count': 1,
 'scheduler/dequeued': 1,
 'scheduler/dequeued/memory': 1,
 'scheduler/enqueued': 1,
 'scheduler/enqueued/memory': 1,
 'spider_exceptions/AttributeError': 1,
 'start_time': datetime.datetime(2022, 8, 19, 17, 12, 2, 614399)}
2022-08-20 01:12:24,893 : INFO : Telnet Password: 97b59cc5b5a5d914
2022-08-20 01:12:25,262 : WARNING : [UnsupportedBrowserType] Family: Android
2022-08-20 01:12:25,309 : WARNING : [UnsupportedDeviceType] Family: Other, Brand: None, Model: None
2022-08-20 01:12:25,347 : WARNING : [UnsupportedDeviceType] Family: Other, Brand: None, Model: None
2022-08-20 01:12:25,410 : WARNING : [UnsupportedDeviceType] Family: Other, Brand: None, Model: None
2022-08-20 01:12:25,479 : WARNING : [UnsupportedDeviceType] Family: Sony BDV13, Brand: Sony, Model: BDV13
2022-08-20 01:12:25,479 : WARNING : [UnsupportedDeviceType] Family: Nintendo DSi, Brand: Nintendo, Model: DSi
2022-08-20 01:12:25,494 : WARNING : [UnsupportedDeviceType] Family: Other, Brand: None, Model: None
2022-08-20 01:12:25,516 : WARNING : [UnsupportedBrowserType] Family: Other
2022-08-20 01:12:25,532 : WARNING : [UnsupportedDeviceType] Family: LYF F90M, Brand: LYF, Model: F90M
2022-08-20 01:12:25,548 : WARNING : [UnsupportedDeviceType] Family: Sony BDV14, Brand: Sony, Model: BDV14
2022-08-20 01:12:25,617 : WARNING : [UnsupportedDeviceType] Family: LG Web0S SmartTV, Brand: LG, Model: Web0S SmartTV
2022-08-20 01:12:25,650 : WARNING : [UnsupportedDeviceType] Family: Other, Brand: None, Model: None
2022-08-20 01:12:25,732 : WARNING : [UnsupportedDeviceType] Family: Other, Brand: None, Model: None
2022-08-20 01:12:25,732 : WARNING : [UnsupportedDeviceType] Family: Other, Brand: None, Model: None
2022-08-20 01:12:25,748 : WARNING : [UnsupportedDeviceType] Family: Other, Brand: None, Model: None
2022-08-20 01:12:25,795 : WARNING : [UnsupportedDeviceType] Family: Other, Brand: None, Model: None
2022-08-20 01:12:25,795 : WARNING : [UnsupportedDeviceType] Family: Other, Brand: None, Model: None
2022-08-20 01:12:25,833 : WARNING : [UnsupportedDeviceType] Family: Other, Brand: None, Model: None
2022-08-20 01:12:25,848 : WARNING : [UnsupportedDeviceType] Family: Sony BDV11, Brand: Sony, Model: BDV11
2022-08-20 01:12:25,848 : WARNING : [UnsupportedDeviceType] Family: Other, Brand: None, Model: None
2022-08-20 01:12:25,864 : WARNING : [UnsupportedDeviceType] Family: Other, Brand: None, Model: None
2022-08-20 01:12:25,864 : WARNING : [UnsupportedDeviceType] Family: Other, Brand: None, Model: None
2022-08-20 01:12:25,880 : WARNING : [UnsupportedDeviceType] Family: Other, Brand: None, Model: None
2022-08-20 01:12:25,895 : WARNING : [UnsupportedDeviceType] Family: Nintendo DSi, Brand: Nintendo, Model: DSi
2022-08-20 01:12:25,948 : WARNING : [UnsupportedDeviceType] Family: LYF LF-2403N, Brand: LYF, Model: LF-2403N
2022-08-20 01:12:25,964 : WARNING : [UnsupportedDeviceType] Family: LYF F90M, Brand: LYF, Model: F90M
2022-08-20 01:12:26,048 : WARNING : [UnsupportedDeviceType] Family: Other, Brand: None, Model: None
2022-08-20 01:12:26,064 : WARNING : [UnsupportedDeviceType] Family: Other, Brand: None, Model: None
2022-08-20 01:12:26,133 : WARNING : [UnsupportedBrowserType] Family: Applebot
2022-08-20 01:12:26,149 : WARNING : [UnsupportedDeviceType] Family: Other, Brand: None, Model: None
2022-08-20 01:12:26,218 : WARNING : [UnsupportedBrowserType] Family: Applebot
2022-08-20 01:12:26,265 : WARNING : [UnsupportedBrowserType] Family: Other
2022-08-20 01:12:26,334 : WARNING : [UnsupportedBrowserType] Family: Other
2022-08-20 01:12:26,365 : WARNING : [UnsupportedBrowserType] Family: PhantomJS
2022-08-20 01:12:26,365 : WARNING : [UnsupportedBrowserType] Family: SMTBot
2022-08-20 01:12:26,418 : WARNING : [UnsupportedBrowserType] Family: PhantomJS
2022-08-20 01:12:26,434 : WARNING : [UnsupportedBrowserType] Family: PhantomJS
2022-08-20 01:12:26,465 : WARNING : [UnsupportedBrowserType] Family: WebKit Nightly
2022-08-20 01:12:26,512 : WARNING : [UnsupportedBrowserType] Family: PhantomJS
2022-08-20 01:12:26,519 : WARNING : [UnsupportedDeviceType] Family: Other, Brand: None, Model: None
2022-08-20 01:12:26,621 : WARNING : [UnsupportedBrowserType] Family: PhantomJS
2022-08-20 01:12:26,621 : WARNING : [UnsupportedBrowserType] Family: PhantomJS
2022-08-20 01:12:26,621 : WARNING : [UnsupportedBrowserType] Family: Robot
2022-08-20 01:12:26,632 : WARNING : [UnsupportedDeviceType] Family: Other, Brand: None, Model: None
2022-08-20 01:12:26,703 : WARNING : [UnsupportedBrowserType] Family: Zune
2022-08-20 01:12:26,953 : INFO : Crawled 0 pages (at 0 pages/min), scraped 0 items (at 0 items/min)
2022-08-20 01:12:26,953 : INFO : Telnet console listening on 127.0.0.1:6023
2022-08-20 01:12:27,153 : INFO : Dumping Scrapy stats:
{'downloader/request_bytes': 551,
 'downloader/request_count': 1,
 'downloader/request_method_count/GET': 1,
 'downloader/response_bytes': 18520,
 'downloader/response_count': 1,
 'downloader/response_status_count/200': 1,
 'elapsed_time_seconds': 0.200112,
 'finish_reason': 'finished',
 'finish_time': datetime.datetime(2022, 8, 19, 17, 12, 27, 153483),
 'httpcompression/response_bytes': 69870,
 'httpcompression/response_count': 1,
 'log_count/DEBUG': 9,
 'log_count/INFO': 3,
 'log_count/WARNING': 45,
 'response_received_count': 1,
 'scheduler/dequeued': 1,
 'scheduler/dequeued/memory': 1,
 'scheduler/enqueued': 1,
 'scheduler/enqueued/memory': 1,
 'spider_exceptions/AttributeError': 1,
 'start_time': datetime.datetime(2022, 8, 19, 17, 12, 26, 953371)}
2022-08-20 01:13:07,314 : INFO : Telnet Password: 20599d631dd68958
2022-08-20 01:13:07,698 : WARNING : [UnsupportedBrowserType] Family: Android
2022-08-20 01:13:07,745 : WARNING : [UnsupportedDeviceType] Family: Other, Brand: None, Model: None
2022-08-20 01:13:07,776 : WARNING : [UnsupportedDeviceType] Family: Other, Brand: None, Model: None
2022-08-20 01:13:07,846 : WARNING : [UnsupportedDeviceType] Family: Other, Brand: None, Model: None
2022-08-20 01:13:07,914 : WARNING : [UnsupportedDeviceType] Family: Sony BDV13, Brand: Sony, Model: BDV13
2022-08-20 01:13:07,930 : WARNING : [UnsupportedDeviceType] Family: Nintendo DSi, Brand: Nintendo, Model: DSi
2022-08-20 01:13:07,946 : WARNING : [UnsupportedDeviceType] Family: Other, Brand: None, Model: None
2022-08-20 01:13:07,961 : WARNING : [UnsupportedBrowserType] Family: Other
2022-08-20 01:13:07,977 : WARNING : [UnsupportedDeviceType] Family: LYF F90M, Brand: LYF, Model: F90M
2022-08-20 01:13:07,999 : WARNING : [UnsupportedDeviceType] Family: Sony BDV14, Brand: Sony, Model: BDV14
2022-08-20 01:13:08,061 : WARNING : [UnsupportedDeviceType] Family: LG Web0S SmartTV, Brand: LG, Model: Web0S SmartTV
2022-08-20 01:13:08,093 : WARNING : [UnsupportedDeviceType] Family: Other, Brand: None, Model: None
2022-08-20 01:13:08,161 : WARNING : [UnsupportedDeviceType] Family: Other, Brand: None, Model: None
2022-08-20 01:13:08,177 : WARNING : [UnsupportedDeviceType] Family: Other, Brand: None, Model: None
2022-08-20 01:13:08,177 : WARNING : [UnsupportedDeviceType] Family: Other, Brand: None, Model: None
2022-08-20 01:13:08,230 : WARNING : [UnsupportedDeviceType] Family: Other, Brand: None, Model: None
2022-08-20 01:13:08,230 : WARNING : [UnsupportedDeviceType] Family: Other, Brand: None, Model: None
2022-08-20 01:13:08,277 : WARNING : [UnsupportedDeviceType] Family: Other, Brand: None, Model: None
2022-08-20 01:13:08,277 : WARNING : [UnsupportedDeviceType] Family: Sony BDV11, Brand: Sony, Model: BDV11
2022-08-20 01:13:08,277 : WARNING : [UnsupportedDeviceType] Family: Other, Brand: None, Model: None
2022-08-20 01:13:08,299 : WARNING : [UnsupportedDeviceType] Family: Other, Brand: None, Model: None
2022-08-20 01:13:08,299 : WARNING : [UnsupportedDeviceType] Family: Other, Brand: None, Model: None
2022-08-20 01:13:08,315 : WARNING : [UnsupportedDeviceType] Family: Other, Brand: None, Model: None
2022-08-20 01:13:08,331 : WARNING : [UnsupportedDeviceType] Family: Nintendo DSi, Brand: Nintendo, Model: DSi
2022-08-20 01:13:08,378 : WARNING : [UnsupportedDeviceType] Family: LYF LF-2403N, Brand: LYF, Model: LF-2403N
2022-08-20 01:13:08,399 : WARNING : [UnsupportedDeviceType] Family: LYF F90M, Brand: LYF, Model: F90M
2022-08-20 01:13:08,477 : WARNING : [UnsupportedDeviceType] Family: Other, Brand: None, Model: None
2022-08-20 01:13:08,493 : WARNING : [UnsupportedDeviceType] Family: Other, Brand: None, Model: None
2022-08-20 01:13:08,562 : WARNING : [UnsupportedBrowserType] Family: Applebot
2022-08-20 01:13:08,578 : WARNING : [UnsupportedDeviceType] Family: Other, Brand: None, Model: None
2022-08-20 01:13:08,646 : WARNING : [UnsupportedBrowserType] Family: Applebot
2022-08-20 01:13:08,677 : WARNING : [UnsupportedBrowserType] Family: Other
2022-08-20 01:13:08,762 : WARNING : [UnsupportedBrowserType] Family: Other
2022-08-20 01:13:08,800 : WARNING : [UnsupportedBrowserType] Family: PhantomJS
2022-08-20 01:13:08,800 : WARNING : [UnsupportedBrowserType] Family: SMTBot
2022-08-20 01:13:08,847 : WARNING : [UnsupportedBrowserType] Family: PhantomJS
2022-08-20 01:13:08,862 : WARNING : [UnsupportedBrowserType] Family: PhantomJS
2022-08-20 01:13:08,893 : WARNING : [UnsupportedBrowserType] Family: WebKit Nightly
2022-08-20 01:13:08,931 : WARNING : [UnsupportedBrowserType] Family: PhantomJS
2022-08-20 01:13:08,947 : WARNING : [UnsupportedDeviceType] Family: Other, Brand: None, Model: None
2022-08-20 01:13:09,031 : WARNING : [UnsupportedBrowserType] Family: PhantomJS
2022-08-20 01:13:09,047 : WARNING : [UnsupportedBrowserType] Family: PhantomJS
2022-08-20 01:13:09,047 : WARNING : [UnsupportedBrowserType] Family: Robot
2022-08-20 01:13:09,047 : WARNING : [UnsupportedDeviceType] Family: Other, Brand: None, Model: None
2022-08-20 01:13:09,131 : WARNING : [UnsupportedBrowserType] Family: Zune
2022-08-20 01:13:09,380 : INFO : Crawled 0 pages (at 0 pages/min), scraped 0 items (at 0 items/min)
2022-08-20 01:13:09,380 : INFO : Telnet console listening on 127.0.0.1:6023
2022-08-20 01:13:09,595 : INFO : Dumping Scrapy stats:
{'downloader/request_bytes': 545,
 'downloader/request_count': 1,
 'downloader/request_method_count/GET': 1,
 'downloader/response_bytes': 18520,
 'downloader/response_count': 1,
 'downloader/response_status_count/200': 1,
 'elapsed_time_seconds': 0.214957,
 'finish_reason': 'finished',
 'finish_time': datetime.datetime(2022, 8, 19, 17, 13, 9, 595310),
 'httpcompression/response_bytes': 69870,
 'httpcompression/response_count': 1,
 'log_count/DEBUG': 9,
 'log_count/INFO': 3,
 'log_count/WARNING': 45,
 'response_received_count': 1,
 'scheduler/dequeued': 1,
 'scheduler/dequeued/memory': 1,
 'scheduler/enqueued': 1,
 'scheduler/enqueued/memory': 1,
 'spider_exceptions/AttributeError': 1,
 'start_time': datetime.datetime(2022, 8, 19, 17, 13, 9, 380353)}
2022-08-23 08:50:40,774 : INFO : Telnet Password: d2b3454b7ca3086d
2022-08-23 08:50:41,290 : WARNING : [UnsupportedBrowserType] Family: Android
2022-08-23 08:50:41,328 : WARNING : [UnsupportedDeviceType] Family: Other, Brand: None, Model: None
2022-08-23 08:50:41,375 : WARNING : [UnsupportedDeviceType] Family: Other, Brand: None, Model: None
2022-08-23 08:50:41,431 : WARNING : [UnsupportedDeviceType] Family: Other, Brand: None, Model: None
2022-08-23 08:50:41,512 : WARNING : [UnsupportedDeviceType] Family: Sony BDV13, Brand: Sony, Model: BDV13
2022-08-23 08:50:41,512 : WARNING : [UnsupportedDeviceType] Family: Nintendo DSi, Brand: Nintendo, Model: DSi
2022-08-23 08:50:41,528 : WARNING : [UnsupportedDeviceType] Family: Other, Brand: None, Model: None
2022-08-23 08:50:41,559 : WARNING : [UnsupportedBrowserType] Family: Other
2022-08-23 08:50:41,575 : WARNING : [UnsupportedDeviceType] Family: LYF F90M, Brand: LYF, Model: F90M
2022-08-23 08:50:41,597 : WARNING : [UnsupportedDeviceType] Family: Sony BDV14, Brand: Sony, Model: BDV14
2022-08-23 08:50:41,660 : WARNING : [UnsupportedDeviceType] Family: LG Web0S SmartTV, Brand: LG, Model: Web0S SmartTV
2022-08-23 08:50:41,697 : WARNING : [UnsupportedDeviceType] Family: Other, Brand: None, Model: None
2022-08-23 08:50:41,776 : WARNING : [UnsupportedDeviceType] Family: Other, Brand: None, Model: None
2022-08-23 08:50:41,776 : WARNING : [UnsupportedDeviceType] Family: Other, Brand: None, Model: None
2022-08-23 08:50:41,791 : WARNING : [UnsupportedDeviceType] Family: Other, Brand: None, Model: None
2022-08-23 08:50:41,845 : WARNING : [UnsupportedDeviceType] Family: Other, Brand: None, Model: None
2022-08-23 08:50:41,845 : WARNING : [UnsupportedDeviceType] Family: Other, Brand: None, Model: None
2022-08-23 08:50:41,892 : WARNING : [UnsupportedDeviceType] Family: Other, Brand: None, Model: None
2022-08-23 08:50:41,897 : WARNING : [UnsupportedDeviceType] Family: Sony BDV11, Brand: Sony, Model: BDV11
2022-08-23 08:50:41,897 : WARNING : [UnsupportedDeviceType] Family: Other, Brand: None, Model: None
2022-08-23 08:50:41,913 : WARNING : [UnsupportedDeviceType] Family: Other, Brand: None, Model: None
2022-08-23 08:50:41,913 : WARNING : [UnsupportedDeviceType] Family: Other, Brand: None, Model: None
2022-08-23 08:50:41,929 : WARNING : [UnsupportedDeviceType] Family: Other, Brand: None, Model: None
2022-08-23 08:50:41,944 : WARNING : [UnsupportedDeviceType] Family: Nintendo DSi, Brand: Nintendo, Model: DSi
2022-08-23 08:50:41,997 : WARNING : [UnsupportedDeviceType] Family: LYF LF-2403N, Brand: LYF, Model: LF-2403N
2022-08-23 08:50:42,013 : WARNING : [UnsupportedDeviceType] Family: LYF F90M, Brand: LYF, Model: F90M
2022-08-23 08:50:42,098 : WARNING : [UnsupportedDeviceType] Family: Other, Brand: None, Model: None
2022-08-23 08:50:42,118 : WARNING : [UnsupportedDeviceType] Family: Other, Brand: None, Model: None
2022-08-23 08:50:42,198 : WARNING : [UnsupportedBrowserType] Family: Applebot
2022-08-23 08:50:42,214 : WARNING : [UnsupportedDeviceType] Family: Other, Brand: None, Model: None
2022-08-23 08:50:42,278 : WARNING : [UnsupportedBrowserType] Family: Applebot
2022-08-23 08:50:42,329 : WARNING : [UnsupportedBrowserType] Family: Other
2022-08-23 08:50:42,414 : WARNING : [UnsupportedBrowserType] Family: Other
2022-08-23 08:50:42,430 : WARNING : [UnsupportedBrowserType] Family: PhantomJS
2022-08-23 08:50:42,445 : WARNING : [UnsupportedBrowserType] Family: SMTBot
2022-08-23 08:50:42,499 : WARNING : [UnsupportedBrowserType] Family: PhantomJS
2022-08-23 08:50:42,499 : WARNING : [UnsupportedBrowserType] Family: PhantomJS
2022-08-23 08:50:42,530 : WARNING : [UnsupportedBrowserType] Family: WebKit Nightly
2022-08-23 08:50:42,577 : WARNING : [UnsupportedBrowserType] Family: PhantomJS
2022-08-23 08:50:42,577 : WARNING : [UnsupportedDeviceType] Family: Other, Brand: None, Model: None
2022-08-23 08:50:42,677 : WARNING : [UnsupportedBrowserType] Family: PhantomJS
2022-08-23 08:50:42,677 : WARNING : [UnsupportedBrowserType] Family: PhantomJS
2022-08-23 08:50:42,693 : WARNING : [UnsupportedBrowserType] Family: Robot
2022-08-23 08:50:42,702 : WARNING : [UnsupportedDeviceType] Family: Other, Brand: None, Model: None
2022-08-23 08:50:42,784 : WARNING : [UnsupportedBrowserType] Family: Zune
2022-08-23 08:50:47,079 : CRITICAL : Unhandled error in Deferred:
2022-08-23 08:50:47,126 : CRITICAL : 
Traceback (most recent call last):
  File "C:\Users\user\anaconda3\lib\site-packages\pymysql\connections.py", line 613, in connect
    sock = socket.create_connection(
  File "C:\Users\user\anaconda3\lib\socket.py", line 844, in create_connection
    raise err
  File "C:\Users\user\anaconda3\lib\socket.py", line 832, in create_connection
    sock.connect(sa)
ConnectionRefusedError: [WinError 10061] 無法連線，因為目標電腦拒絕連線。

During handling of the above exception, another exception occurred:

Traceback (most recent call last):
  File "C:\Users\user\anaconda3\lib\site-packages\twisted\internet\defer.py", line 1660, in _inlineCallbacks
    result = current_context.run(gen.send, result)
  File "C:\Users\user\anaconda3\lib\site-packages\scrapy\crawler.py", line 102, in crawl
    self.engine = self._create_engine()
  File "C:\Users\user\anaconda3\lib\site-packages\scrapy\crawler.py", line 116, in _create_engine
    return ExecutionEngine(self, lambda _: self.stop())
  File "C:\Users\user\anaconda3\lib\site-packages\scrapy\core\engine.py", line 84, in __init__
    self.scraper = Scraper(crawler)
  File "C:\Users\user\anaconda3\lib\site-packages\scrapy\core\scraper.py", line 75, in __init__
    self.itemproc = itemproc_cls.from_crawler(crawler)
  File "C:\Users\user\anaconda3\lib\site-packages\scrapy\middleware.py", line 59, in from_crawler
    return cls.from_settings(crawler.settings, crawler)
  File "C:\Users\user\anaconda3\lib\site-packages\scrapy\middleware.py", line 41, in from_settings
    mw = create_instance(mwcls, settings, crawler)
  File "C:\Users\user\anaconda3\lib\site-packages\scrapy\utils\misc.py", line 172, in create_instance
    instance = objcls(*args, **kwargs)
  File "C:\project\webCrawl\webCrawl\pipelines.py", line 14, in __init__
    self.connect = pymysql.connect(
  File "C:\Users\user\anaconda3\lib\site-packages\pymysql\connections.py", line 353, in __init__
    self.connect()
  File "C:\Users\user\anaconda3\lib\site-packages\pymysql\connections.py", line 664, in connect
    raise exc
pymysql.err.OperationalError: (2003, "Can't connect to MySQL server on 'localhost' ([WinError 10061] 無法連線，因為目標電腦拒絕連線。)")
2022-08-23 08:59:30,189 : INFO : Telnet Password: e9b83e72cdde180b
2022-08-23 08:59:30,691 : WARNING : [UnsupportedBrowserType] Family: Android
2022-08-23 08:59:30,738 : WARNING : [UnsupportedDeviceType] Family: Other, Brand: None, Model: None
2022-08-23 08:59:30,785 : WARNING : [UnsupportedDeviceType] Family: Other, Brand: None, Model: None
2022-08-23 08:59:30,838 : WARNING : [UnsupportedDeviceType] Family: Other, Brand: None, Model: None
2022-08-23 08:59:30,922 : WARNING : [UnsupportedDeviceType] Family: Sony BDV13, Brand: Sony, Model: BDV13
2022-08-23 08:59:30,938 : WARNING : [UnsupportedDeviceType] Family: Nintendo DSi, Brand: Nintendo, Model: DSi
2022-08-23 08:59:30,938 : WARNING : [UnsupportedDeviceType] Family: Other, Brand: None, Model: None
2022-08-23 08:59:30,969 : WARNING : [UnsupportedBrowserType] Family: Other
2022-08-23 08:59:30,985 : WARNING : [UnsupportedDeviceType] Family: LYF F90M, Brand: LYF, Model: F90M
2022-08-23 08:59:30,991 : WARNING : [UnsupportedDeviceType] Family: Sony BDV14, Brand: Sony, Model: BDV14
2022-08-23 08:59:31,070 : WARNING : [UnsupportedDeviceType] Family: LG Web0S SmartTV, Brand: LG, Model: Web0S SmartTV
2022-08-23 08:59:31,108 : WARNING : [UnsupportedDeviceType] Family: Other, Brand: None, Model: None
2022-08-23 08:59:31,192 : WARNING : [UnsupportedDeviceType] Family: Other, Brand: None, Model: None
2022-08-23 08:59:31,208 : WARNING : [UnsupportedDeviceType] Family: Other, Brand: None, Model: None
2022-08-23 08:59:31,208 : WARNING : [UnsupportedDeviceType] Family: Other, Brand: None, Model: None
2022-08-23 08:59:31,255 : WARNING : [UnsupportedDeviceType] Family: Other, Brand: None, Model: None
2022-08-23 08:59:31,271 : WARNING : [UnsupportedDeviceType] Family: Other, Brand: None, Model: None
2022-08-23 08:59:31,308 : WARNING : [UnsupportedDeviceType] Family: Other, Brand: None, Model: None
2022-08-23 08:59:31,324 : WARNING : [UnsupportedDeviceType] Family: Sony BDV11, Brand: Sony, Model: BDV11
2022-08-23 08:59:31,324 : WARNING : [UnsupportedDeviceType] Family: Other, Brand: None, Model: None
2022-08-23 08:59:31,324 : WARNING : [UnsupportedDeviceType] Family: Other, Brand: None, Model: None
2022-08-23 08:59:31,339 : WARNING : [UnsupportedDeviceType] Family: Other, Brand: None, Model: None
2022-08-23 08:59:31,355 : WARNING : [UnsupportedDeviceType] Family: Other, Brand: None, Model: None
2022-08-23 08:59:31,370 : WARNING : [UnsupportedDeviceType] Family: Nintendo DSi, Brand: Nintendo, Model: DSi
2022-08-23 08:59:31,424 : WARNING : [UnsupportedDeviceType] Family: LYF LF-2403N, Brand: LYF, Model: LF-2403N
2022-08-23 08:59:31,440 : WARNING : [UnsupportedDeviceType] Family: LYF F90M, Brand: LYF, Model: F90M
2022-08-23 08:59:31,525 : WARNING : [UnsupportedDeviceType] Family: Other, Brand: None, Model: None
2022-08-23 08:59:31,540 : WARNING : [UnsupportedDeviceType] Family: Other, Brand: None, Model: None
2022-08-23 08:59:31,625 : WARNING : [UnsupportedBrowserType] Family: Applebot
2022-08-23 08:59:31,641 : WARNING : [UnsupportedDeviceType] Family: Other, Brand: None, Model: None
2022-08-23 08:59:31,710 : WARNING : [UnsupportedBrowserType] Family: Applebot
2022-08-23 08:59:31,757 : WARNING : [UnsupportedBrowserType] Family: Other
2022-08-23 08:59:31,842 : WARNING : [UnsupportedBrowserType] Family: Other
2022-08-23 08:59:31,873 : WARNING : [UnsupportedBrowserType] Family: PhantomJS
2022-08-23 08:59:31,873 : WARNING : [UnsupportedBrowserType] Family: SMTBot
2022-08-23 08:59:31,926 : WARNING : [UnsupportedBrowserType] Family: PhantomJS
2022-08-23 08:59:31,926 : WARNING : [UnsupportedBrowserType] Family: PhantomJS
2022-08-23 08:59:31,958 : WARNING : [UnsupportedBrowserType] Family: WebKit Nightly
2022-08-23 08:59:32,011 : WARNING : [UnsupportedBrowserType] Family: PhantomJS
2022-08-23 08:59:32,011 : WARNING : [UnsupportedDeviceType] Family: Other, Brand: None, Model: None
2022-08-23 08:59:32,111 : WARNING : [UnsupportedBrowserType] Family: PhantomJS
2022-08-23 08:59:32,111 : WARNING : [UnsupportedBrowserType] Family: PhantomJS
2022-08-23 08:59:32,111 : WARNING : [UnsupportedBrowserType] Family: Robot
2022-08-23 08:59:32,127 : WARNING : [UnsupportedDeviceType] Family: Other, Brand: None, Model: None
2022-08-23 08:59:32,211 : WARNING : [UnsupportedBrowserType] Family: Zune
2022-08-23 08:59:36,446 : CRITICAL : Unhandled error in Deferred:
2022-08-23 08:59:36,477 : CRITICAL : 
Traceback (most recent call last):
  File "C:\Users\user\anaconda3\lib\site-packages\pymysql\connections.py", line 613, in connect
    sock = socket.create_connection(
  File "C:\Users\user\anaconda3\lib\socket.py", line 844, in create_connection
    raise err
  File "C:\Users\user\anaconda3\lib\socket.py", line 832, in create_connection
    sock.connect(sa)
ConnectionRefusedError: [WinError 10061] 無法連線，因為目標電腦拒絕連線。

During handling of the above exception, another exception occurred:

Traceback (most recent call last):
  File "C:\Users\user\anaconda3\lib\site-packages\twisted\internet\defer.py", line 1660, in _inlineCallbacks
    result = current_context.run(gen.send, result)
  File "C:\Users\user\anaconda3\lib\site-packages\scrapy\crawler.py", line 102, in crawl
    self.engine = self._create_engine()
  File "C:\Users\user\anaconda3\lib\site-packages\scrapy\crawler.py", line 116, in _create_engine
    return ExecutionEngine(self, lambda _: self.stop())
  File "C:\Users\user\anaconda3\lib\site-packages\scrapy\core\engine.py", line 84, in __init__
    self.scraper = Scraper(crawler)
  File "C:\Users\user\anaconda3\lib\site-packages\scrapy\core\scraper.py", line 75, in __init__
    self.itemproc = itemproc_cls.from_crawler(crawler)
  File "C:\Users\user\anaconda3\lib\site-packages\scrapy\middleware.py", line 59, in from_crawler
    return cls.from_settings(crawler.settings, crawler)
  File "C:\Users\user\anaconda3\lib\site-packages\scrapy\middleware.py", line 41, in from_settings
    mw = create_instance(mwcls, settings, crawler)
  File "C:\Users\user\anaconda3\lib\site-packages\scrapy\utils\misc.py", line 172, in create_instance
    instance = objcls(*args, **kwargs)
  File "C:\project\eprocurement-notifier\webCrawl\pipelines.py", line 14, in __init__
    self.connect = pymysql.connect(
  File "C:\Users\user\anaconda3\lib\site-packages\pymysql\connections.py", line 353, in __init__
    self.connect()
  File "C:\Users\user\anaconda3\lib\site-packages\pymysql\connections.py", line 664, in connect
    raise exc
pymysql.err.OperationalError: (2003, "Can't connect to MySQL server on 'localhost' ([WinError 10061] 無法連線，因為目標電腦拒絕連線。)")
